Package: borg
Fetcher: github
Source:  https://github.com/emacscollective/borg

Updating /mnt/store/melpa/working/borg/
Checking out 96a9b6e78bdd2e0477972fa408d782fffc30bc7e
Copying files (->) and directories (=>)
  from /mnt/store/melpa/working/borg/
  to /tmp/borgvkoMj7/borg-20250220.1123
    borg-elpa.el -> borg-elpa.el
    borg.el -> borg.el
  ! docs/borg.texi -> borg.texi
    borg.mk -> borg.mk
Generating borg.info
Created borg-20250220.1123.tar containing:
  borg-20250220.1123/
  borg-20250220.1123/borg-elpa.el
  borg-20250220.1123/borg-pkg.el
  borg-20250220.1123/borg.el
  borg-20250220.1123/borg.info
  borg-20250220.1123/borg.mk
  borg-20250220.1123/dir
 ✓ Success:
  2025-02-24T18:46:57+0000  borg-20250220.1123.entry
  2025-02-24T18:46:57+0000  borg-20250220.1123.tar
Built borg in 9.684s, finished at 2025-02-24T18:46:59+0000
