Package: citar-denote
Fetcher: github
Source:  https://github.com/pprevos/citar-denote

Updating /mnt/store/melpa/working/citar-denote/
Checking out 4ae054c1a5f723bb4e8ffedeb59e0cfd3803f776
Copying files (->) and directories (=>)
  from /mnt/store/melpa/working/citar-denote/
  to /tmp/citar-denotexWTh92/citar-denote-20250223.1958
    citar-denote.el -> citar-denote.el
    citar-denote.info -> citar-denote.info
    citar-denote.texi -> citar-denote.texi
Generating citar-denote.info
Created citar-denote-20250223.1958.tar containing:
  citar-denote-20250223.1958/
  citar-denote-20250223.1958/citar-denote-pkg.el
  citar-denote-20250223.1958/citar-denote.el
  citar-denote-20250223.1958/citar-denote.info
  citar-denote-20250223.1958/dir
 ✓ Success:
  2025-02-24T18:49:43+0000  citar-denote-20250223.1958.entry
  2025-02-24T18:49:43+0000  citar-denote-20250223.1958.tar
Built citar-denote in 4.937s, finished at 2025-02-24T18:49:45+0000
