Package: company-web
Fetcher: github
Source:  https://github.com/osv/company-web

Updating /mnt/store/melpa/working/company-web/
Checking out e0c6bfa3ae7006c73d0fdfc0fdb69816309baf1b
Copying files (->) and directories (=>)
  from /mnt/store/melpa/working/company-web/
  to /tmp/company-webyQ8YJy/company-web-20220115.2146
    company-web-html.el -> company-web-html.el
    company-web-jade.el -> company-web-jade.el
    company-web-slim.el -> company-web-slim.el
    company-web.el -> company-web.el
Created company-web-20220115.2146.tar containing:
  company-web-20220115.2146/
  company-web-20220115.2146/company-web-html.el
  company-web-20220115.2146/company-web-jade.el
  company-web-20220115.2146/company-web-pkg.el
  company-web-20220115.2146/company-web-slim.el
  company-web-20220115.2146/company-web.el
 ✓ Success:
  2025-02-24T18:52:10+0000  company-web-20220115.2146.entry
  2025-02-24T18:52:10+0000  company-web-20220115.2146.tar
Built company-web in 3.736s, finished at 2025-02-24T18:52:11+0000
