Package: cycle-at-point
Fetcher: codeberg
Source:  https://codeberg.org/ideasman42/emacs-cycle-at-point.git

Updating /mnt/store/melpa/working/cycle-at-point/
Checking out 082d7aa7a472db02ff2d7723d620ecdee2abff5a
Copying files (->) and directories (=>)
  from /mnt/store/melpa/working/cycle-at-point/
  to /tmp/cycle-at-pointGfkZio/cycle-at-point-20240421.912
    cycle-at-point-find-alphabet.el -> cycle-at-point-find-alphabet.el
    cycle-at-point-find-integer.el -> cycle-at-point-find-integer.el
    cycle-at-point-preset-c++-mode.el -> cycle-at-point-preset-c++-mode.el
    cycle-at-point-preset-c-mode.el -> cycle-at-point-preset-c-mode.el
    cycle-at-point-preset-cmake-mode.el -> cycle-at-point-preset-cmake-mode.el
    cycle-at-point-preset-emacs-lisp-mode.el -> cycle-at-point-preset-emacs-lisp-mode.el
    cycle-at-point-preset-lang-en.el -> cycle-at-point-preset-lang-en.el
    cycle-at-point-preset-python-mode.el -> cycle-at-point-preset-python-mode.el
    cycle-at-point.el -> cycle-at-point.el
Created cycle-at-point-20240421.912.tar containing:
  cycle-at-point-20240421.912/
  cycle-at-point-20240421.912/cycle-at-point-find-alphabet.el
  cycle-at-point-20240421.912/cycle-at-point-find-integer.el
  cycle-at-point-20240421.912/cycle-at-point-pkg.el
  cycle-at-point-20240421.912/cycle-at-point-preset-c++-mode.el
  cycle-at-point-20240421.912/cycle-at-point-preset-c-mode.el
  cycle-at-point-20240421.912/cycle-at-point-preset-cmake-mode.el
  cycle-at-point-20240421.912/cycle-at-point-preset-emacs-lisp-mode.el
  cycle-at-point-20240421.912/cycle-at-point-preset-lang-en.el
  cycle-at-point-20240421.912/cycle-at-point-preset-python-mode.el
  cycle-at-point-20240421.912/cycle-at-point.el
 ✓ Success:
  2024-04-21T22:19:58+0000  cycle-at-point-20240421.912.entry
  2024-04-21T22:19:58+0000  cycle-at-point-20240421.912.tar
Built cycle-at-point in 4.300s, finished at 2024-04-21T22:19:59+0000
