Package: darkman
Fetcher: sourcehut
Source:  https://git.sr.ht/~grtcdr/darkman.el

Updating /mnt/store/melpa/working/darkman/
Checking out beb2186e6eaf13ebe1ae56e460bcd1a4c0cb4f07
Copying files (->) and directories (=>)
  from /mnt/store/melpa/working/darkman/
  to /tmp/darkmanl8MJ19/darkman-20241019.1404
    darkman.el -> darkman.el
    darkman.info -> darkman.info
Created darkman-20241019.1404.tar containing:
  darkman-20241019.1404/
  darkman-20241019.1404/darkman-pkg.el
  darkman-20241019.1404/darkman.el
  darkman-20241019.1404/darkman.info
  darkman-20241019.1404/dir
 ✓ Success:
  2025-02-24T18:55:05+0000  darkman-20241019.1404.entry
  2025-02-24T18:55:05+0000  darkman-20241019.1404.tar
Built darkman in 4.569s, finished at 2025-02-24T18:55:06+0000
