 • Building package dashboard (from github:emacs-dashboard/emacs-dashboard)...
Updating /mnt/store/melpa/working/dashboard/
Checking out 49de4c16624f6a86a5beb1196f68f02636a74d1b
Copying files (->) and directories (=>)
  from /mnt/store/melpa/working/dashboard/
  to /tmp/dashboard3oHlkY/dashboard-20251231.1631
    dashboard-widgets.el -> dashboard-widgets.el
    dashboard.el -> dashboard.el
    banners => banners
Created dashboard-20251231.1631.tar containing:
  dashboard-20251231.1631/
  dashboard-20251231.1631/banners/
  dashboard-20251231.1631/banners/1.txt
  dashboard-20251231.1631/banners/2.txt
  dashboard-20251231.1631/banners/3.txt
  dashboard-20251231.1631/banners/4.txt
  dashboard-20251231.1631/banners/emacs.png
  dashboard-20251231.1631/banners/logo.png
  dashboard-20251231.1631/dashboard-pkg.el
  dashboard-20251231.1631/dashboard-widgets.el
  dashboard-20251231.1631/dashboard.el
 ✓ Success:
  2026-02-05T14:10:33+0000  dashboard-20251231.1631.entry
  2026-02-05T14:10:33+0000  dashboard-20251231.1631.tar
Built dashboard in 3.312s, finished at 2026-02-05T14:10:34+0000
