 • Building package disproject (from github:aurtzy/disproject)...
Updating /mnt/store/melpa/working/disproject/
Checking out 9282473adbf450785741fe6cd02abf6ffed7b9f0
Copying files (->) and directories (=>)
  from /mnt/store/melpa/working/disproject/
  to /tmp/disprojecteuPNQb/disproject-20260114.1438
    disproject.el -> disproject.el
  ! doc/disproject.texi -> disproject.texi
  ! doc/doclicense.texi -> doclicense.texi
  ! doc/gpl.texi -> gpl.texi
Generating disproject.info
Generating doclicense.info
Generating gpl.info
Created disproject-20260114.1438.tar containing:
  disproject-20260114.1438/
  disproject-20260114.1438/dir
  disproject-20260114.1438/disproject-pkg.el
  disproject-20260114.1438/disproject.el
  disproject-20260114.1438/disproject.info
  disproject-20260114.1438/doclicense.info
  disproject-20260114.1438/gpl.info
 ✓ Success:
  2026-02-05T14:12:25+0000  disproject-20260114.1438.entry
  2026-02-05T14:12:25+0000  disproject-20260114.1438.tar
Built disproject in 7.276s, finished at 2026-02-05T14:12:25+0000
