Package: dix
Fetcher: github
Source:  https://github.com/unhammer/dix

Updating /mnt/store/melpa/working/dix/
Checking out 9770a2edd1fd0f872cc4ca72fa8f4b1007cb3da8
Copying files (->) and directories (=>)
  from /mnt/store/melpa/working/dix/
  to /tmp/dixTUemhW/dix-20241128.1111
    dix.el -> dix.el
    schemas.xml -> schemas.xml
    local-schemas.xml -> local-schemas.xml
Created dix-20241128.1111.tar containing:
  dix-20241128.1111/
  dix-20241128.1111/dix-pkg.el
  dix-20241128.1111/dix.el
  dix-20241128.1111/local-schemas.xml
  dix-20241128.1111/schemas.xml
 ✓ Success:
  2025-02-24T18:57:24+0000  dix-20241128.1111.entry
  2025-02-24T18:57:24+0000  dix-20241128.1111.tar
Built dix in 3.529s, finished at 2025-02-24T18:57:25+0000
