 • Building package docker (from github:Silex/docker.el)...
Updating /mnt/store/melpa/working/docker/
Checking out 916686b86e83a3bd2281fbc5e6f98962aa747429
Copying files (->) and directories (=>)
  from /mnt/store/melpa/working/docker/
  to /tmp/dockerLNmqiF/docker-20260126.1212
    docker-compose.el -> docker-compose.el
    docker-container.el -> docker-container.el
    docker-context.el -> docker-context.el
    docker-core.el -> docker-core.el
    docker-faces.el -> docker-faces.el
    docker-group.el -> docker-group.el
    docker-image.el -> docker-image.el
    docker-network.el -> docker-network.el
    docker-process.el -> docker-process.el
    docker-utils.el -> docker-utils.el
    docker-volume.el -> docker-volume.el
    docker.el -> docker.el
Created docker-20260126.1212.tar containing:
  docker-20260126.1212/
  docker-20260126.1212/docker-compose.el
  docker-20260126.1212/docker-container.el
  docker-20260126.1212/docker-context.el
  docker-20260126.1212/docker-core.el
  docker-20260126.1212/docker-faces.el
  docker-20260126.1212/docker-group.el
  docker-20260126.1212/docker-image.el
  docker-20260126.1212/docker-network.el
  docker-20260126.1212/docker-pkg.el
  docker-20260126.1212/docker-process.el
  docker-20260126.1212/docker-utils.el
  docker-20260126.1212/docker-volume.el
  docker-20260126.1212/docker.el
 ✓ Success:
  2026-02-05T14:12:41+0000  docker-20260126.1212.entry
  2026-02-05T14:12:41+0000  docker-20260126.1212.tar
Built docker in 3.411s, finished at 2026-02-05T14:12:42+0000
