 • Building package docstr (from github:emacs-vs/docstr)...
Updating /mnt/store/melpa/working/docstr/
Checking out c83e3d24b610168477466aab7ca691cbe7c36484
Copying files (->) and directories (=>)
  from /mnt/store/melpa/working/docstr/
  to /tmp/docstriRo78b/docstr-20260101.548
    docstr-faces.el -> docstr-faces.el
    docstr-key.el -> docstr-key.el
    docstr-util.el -> docstr-util.el
    docstr-writers.el -> docstr-writers.el
    docstr.el -> docstr.el
  ! langs/docstr-actionscript.el -> docstr-actionscript.el
  ! langs/docstr-c++.el -> docstr-c++.el
  ! langs/docstr-c.el -> docstr-c.el
  ! langs/docstr-csharp.el -> docstr-csharp.el
  ! langs/docstr-go.el -> docstr-go.el
  ! langs/docstr-groovy.el -> docstr-groovy.el
  ! langs/docstr-java.el -> docstr-java.el
  ! langs/docstr-js.el -> docstr-js.el
  ! langs/docstr-lua.el -> docstr-lua.el
  ! langs/docstr-objc.el -> docstr-objc.el
  ! langs/docstr-php.el -> docstr-php.el
  ! langs/docstr-python.el -> docstr-python.el
  ! langs/docstr-ruby.el -> docstr-ruby.el
  ! langs/docstr-rust.el -> docstr-rust.el
  ! langs/docstr-scala.el -> docstr-scala.el
  ! langs/docstr-swift.el -> docstr-swift.el
  ! langs/docstr-typescript.el -> docstr-typescript.el
Created docstr-20260101.548.tar containing:
  docstr-20260101.548/
  docstr-20260101.548/docstr-actionscript.el
  docstr-20260101.548/docstr-c++.el
  docstr-20260101.548/docstr-c.el
  docstr-20260101.548/docstr-csharp.el
  docstr-20260101.548/docstr-faces.el
  docstr-20260101.548/docstr-go.el
  docstr-20260101.548/docstr-groovy.el
  docstr-20260101.548/docstr-java.el
  docstr-20260101.548/docstr-js.el
  docstr-20260101.548/docstr-key.el
  docstr-20260101.548/docstr-lua.el
  docstr-20260101.548/docstr-objc.el
  docstr-20260101.548/docstr-php.el
  docstr-20260101.548/docstr-pkg.el
  docstr-20260101.548/docstr-python.el
  docstr-20260101.548/docstr-ruby.el
  docstr-20260101.548/docstr-rust.el
  docstr-20260101.548/docstr-scala.el
  docstr-20260101.548/docstr-swift.el
  docstr-20260101.548/docstr-typescript.el
  docstr-20260101.548/docstr-util.el
  docstr-20260101.548/docstr-writers.el
  docstr-20260101.548/docstr.el
 ✓ Success:
  2026-02-05T14:12:46+0000  docstr-20260101.548.entry
  2026-02-05T14:12:46+0000  docstr-20260101.548.tar
Built docstr in 3.454s, finished at 2026-02-05T14:12:47+0000
