 • Building package doom-modeline (from github:seagle0128/doom-modeline)...
Updating /mnt/store/melpa/working/doom-modeline/
Checking out 0cd7797eca092b7800da77547471cae2011a2fd2
Copying files (->) and directories (=>)
  from /mnt/store/melpa/working/doom-modeline/
  to /tmp/doom-modelineItLhPy/doom-modeline-20260204.303
    doom-modeline-core.el -> doom-modeline-core.el
    doom-modeline-env.el -> doom-modeline-env.el
    doom-modeline-segments.el -> doom-modeline-segments.el
    doom-modeline.el -> doom-modeline.el
Created doom-modeline-20260204.303.tar containing:
  doom-modeline-20260204.303/
  doom-modeline-20260204.303/doom-modeline-core.el
  doom-modeline-20260204.303/doom-modeline-env.el
  doom-modeline-20260204.303/doom-modeline-pkg.el
  doom-modeline-20260204.303/doom-modeline-segments.el
  doom-modeline-20260204.303/doom-modeline.el
 ✓ Success:
  2026-02-05T14:12:52+0000  doom-modeline-20260204.303.entry
  2026-02-05T14:12:52+0000  doom-modeline-20260204.303.tar
Built doom-modeline in 3.626s, finished at 2026-02-05T14:12:53+0000
