 • Building package ducpel (from github:alezost/ducpel)...
Updating /mnt/store/melpa/working/ducpel/
Checking out bb0275a8aa7e8aa0895979711b037573544d50c1
Copying files (->) and directories (=>)
  from /mnt/store/melpa/working/ducpel/
  to /tmp/ducpelHvBzdE/ducpel-20260204.1533
    ducpel-glyphs.el -> ducpel-glyphs.el
    ducpel.el -> ducpel.el
    levels => levels
Created ducpel-20260204.1533.tar containing:
  ducpel-20260204.1533/
  ducpel-20260204.1533/ducpel-glyphs.el
  ducpel-20260204.1533/ducpel-pkg.el
  ducpel-20260204.1533/ducpel.el
  ducpel-20260204.1533/levels/
  ducpel-20260204.1533/levels/0001
  ducpel-20260204.1533/levels/0002
  ducpel-20260204.1533/levels/0003
  ducpel-20260204.1533/levels/0004
  ducpel-20260204.1533/levels/0005
  ducpel-20260204.1533/levels/0006
  ducpel-20260204.1533/levels/0007
  ducpel-20260204.1533/levels/0008
  ducpel-20260204.1533/levels/0009
 ✓ Success:
  2026-02-05T14:13:14+0000  ducpel-20260204.1533.entry
  2026-02-05T14:13:14+0000  ducpel-20260204.1533.tar
Built ducpel in 3.251s, finished at 2026-02-05T14:13:15+0000
