 • Building package dwim-coder-mode (from gitlab:sadiq/dwim-coder-mode)...
Updating /mnt/store/melpa/working/dwim-coder-mode/
Checking out bc8b308e5fe82951d3843b5913c6d34c11c07098
Copying files (->) and directories (=>)
  from /mnt/store/melpa/working/dwim-coder-mode/
  to /tmp/dwim-coder-modeJviWY2/dwim-coder-mode-20260114.852
    dwim-coder-c.el -> dwim-coder-c.el
    dwim-coder-common.el -> dwim-coder-common.el
    dwim-coder-default.el -> dwim-coder-default.el
    dwim-coder-lisp.el -> dwim-coder-lisp.el
    dwim-coder-mode.el -> dwim-coder-mode.el
    dwim-coder-python.el -> dwim-coder-python.el
    dwim-coder-rust.el -> dwim-coder-rust.el
    dwim-coder-xml.el -> dwim-coder-xml.el
Created dwim-coder-mode-20260114.852.tar containing:
  dwim-coder-mode-20260114.852/
  dwim-coder-mode-20260114.852/dwim-coder-c.el
  dwim-coder-mode-20260114.852/dwim-coder-common.el
  dwim-coder-mode-20260114.852/dwim-coder-default.el
  dwim-coder-mode-20260114.852/dwim-coder-lisp.el
  dwim-coder-mode-20260114.852/dwim-coder-mode-pkg.el
  dwim-coder-mode-20260114.852/dwim-coder-mode.el
  dwim-coder-mode-20260114.852/dwim-coder-python.el
  dwim-coder-mode-20260114.852/dwim-coder-rust.el
  dwim-coder-mode-20260114.852/dwim-coder-xml.el
 ✓ Success:
  2026-02-05T14:13:25+0000  dwim-coder-mode-20260114.852.entry
  2026-02-05T14:13:24+0000  dwim-coder-mode-20260114.852.tar
Built dwim-coder-mode in 4.263s, finished at 2026-02-05T14:13:25+0000
