 • Building package edit-color-stamp (from github:sabof/edit-color-stamp)...
Updating /mnt/store/melpa/working/edit-color-stamp/
Checking out 32dc1ca5bcf3dcf83fad5e39b55dc5b77becb3d3
Copying files (->) and directories (=>)
  from /mnt/store/melpa/working/edit-color-stamp/
  to /tmp/edit-color-stampTsTU62/edit-color-stamp-20130529.1733
    edit-color-stamp.el -> edit-color-stamp.el
    qt_color_picker/qt_color_picker.pro -> qt_color_picker/qt_color_picker.pro
    qt_color_picker/main.cpp -> qt_color_picker/main.cpp
Created edit-color-stamp-20130529.1733.tar containing:
  edit-color-stamp-20130529.1733/
  edit-color-stamp-20130529.1733/edit-color-stamp-pkg.el
  edit-color-stamp-20130529.1733/edit-color-stamp.el
  edit-color-stamp-20130529.1733/qt_color_picker/
  edit-color-stamp-20130529.1733/qt_color_picker/main.cpp
  edit-color-stamp-20130529.1733/qt_color_picker/qt_color_picker.pro
 ✓ Success:
  2026-02-05T14:14:00+0000  edit-color-stamp-20130529.1733.entry
  2026-02-05T14:14:00+0000  edit-color-stamp-20130529.1733.tar
Built edit-color-stamp in 2.559s, finished at 2026-02-05T14:14:01+0000
