 • Building package eide (from https://forge.tedomum.net/hjuvi/eide.git)...
Updating /mnt/store/melpa/working/eide/
Checking out ea10bf1b3727087e78921a146a1d7d0bcaf4f8a5
Copying files (->) and directories (=>)
  from /mnt/store/melpa/working/eide/
  to /tmp/eideb01PTC/eide-20260202.1853
  ! src/eide-compare.el -> eide-compare.el
  ! src/eide-config.el -> eide-config.el
  ! src/eide-display.el -> eide-display.el
  ! src/eide-edit.el -> eide-edit.el
  ! src/eide-keys.el -> eide-keys.el
  ! src/eide-menu.el -> eide-menu.el
  ! src/eide-popup.el -> eide-popup.el
  ! src/eide-project.el -> eide-project.el
  ! src/eide-search.el -> eide-search.el
  ! src/eide-vc.el -> eide-vc.el
  ! src/eide-windows.el -> eide-windows.el
  ! src/eide.el -> eide.el
  ! src/themes/eide-dark-theme.el -> eide-dark-theme.el
  ! src/themes/eide-light-theme.el -> eide-light-theme.el
Created eide-20260202.1853.tar containing:
  eide-20260202.1853/
  eide-20260202.1853/eide-compare.el
  eide-20260202.1853/eide-config.el
  eide-20260202.1853/eide-dark-theme.el
  eide-20260202.1853/eide-display.el
  eide-20260202.1853/eide-edit.el
  eide-20260202.1853/eide-keys.el
  eide-20260202.1853/eide-light-theme.el
  eide-20260202.1853/eide-menu.el
  eide-20260202.1853/eide-pkg.el
  eide-20260202.1853/eide-popup.el
  eide-20260202.1853/eide-project.el
  eide-20260202.1853/eide-search.el
  eide-20260202.1853/eide-vc.el
  eide-20260202.1853/eide-windows.el
  eide-20260202.1853/eide.el
 ✓ Success:
  2026-02-05T14:14:24+0000  eide-20260202.1853.entry
  2026-02-05T14:14:24+0000  eide-20260202.1853.tar
Built eide in 4.934s, finished at 2026-02-05T14:14:25+0000
