 • Building package el-job (from github:meedstrom/el-job)...
Updating /mnt/store/melpa/working/el-job/
Checking out f6df739741711c10d1b4551ae28eea43e04a4309
Copying files (->) and directories (=>)
  from /mnt/store/melpa/working/el-job/
  to /tmp/el-job0gpFWD/el-job-20260128.2225
    el-job-ng-debug.el -> el-job-ng-debug.el
    el-job-ng.el -> el-job-ng.el
    el-job-old-child.el -> el-job-old-child.el
    el-job-old.el -> el-job-old.el
    el-job.el -> el-job.el
    el-job.texi -> el-job.texi
Generating el-job.info
Created el-job-20260128.2225.tar containing:
  el-job-20260128.2225/
  el-job-20260128.2225/dir
  el-job-20260128.2225/el-job-ng-debug.el
  el-job-20260128.2225/el-job-ng.el
  el-job-20260128.2225/el-job-old-child.el
  el-job-20260128.2225/el-job-old.el
  el-job-20260128.2225/el-job-pkg.el
  el-job-20260128.2225/el-job.el
  el-job-20260128.2225/el-job.info
 ✓ Success:
  2026-02-05T14:14:32+0000  el-job-20260128.2225.entry
  2026-02-05T14:14:32+0000  el-job-20260128.2225.tar
Built el-job in 4.830s, finished at 2026-02-05T14:14:33+0000
