 • Building package elfeed-score (from github:sp1ff/elfeed-score)...
Updating /mnt/store/melpa/working/elfeed-score/
Checking out f6ef83c472e6f01d0f60130ecac768462c5a20b7
Copying files (->) and directories (=>)
  from /mnt/store/melpa/working/elfeed-score/
  to /tmp/elfeed-score5SYjq1/elfeed-score-20260125.2028
    elfeed-score-log.el -> elfeed-score-log.el
    elfeed-score-maint.el -> elfeed-score-maint.el
    elfeed-score-pkg.el -> elfeed-score-pkg.el
    elfeed-score-rule-stats.el -> elfeed-score-rule-stats.el
    elfeed-score-rules.el -> elfeed-score-rules.el
    elfeed-score-scoring.el -> elfeed-score-scoring.el
    elfeed-score-serde.el -> elfeed-score-serde.el
    elfeed-score.el -> elfeed-score.el
  ! doc/elfeed-score.texi -> elfeed-score.texi
  ! doc/version.texi -> version.texi
Generating elfeed-score.info
Generating version.info
Created elfeed-score-20260125.2028.tar containing:
  elfeed-score-20260125.2028/
  elfeed-score-20260125.2028/dir
  elfeed-score-20260125.2028/elfeed-score-log.el
  elfeed-score-20260125.2028/elfeed-score-maint.el
  elfeed-score-20260125.2028/elfeed-score-pkg.el
  elfeed-score-20260125.2028/elfeed-score-rule-stats.el
  elfeed-score-20260125.2028/elfeed-score-rules.el
  elfeed-score-20260125.2028/elfeed-score-scoring.el
  elfeed-score-20260125.2028/elfeed-score-serde.el
  elfeed-score-20260125.2028/elfeed-score.el
  elfeed-score-20260125.2028/elfeed-score.info
  elfeed-score-20260125.2028/version.info
 ✓ Success:
  2026-02-05T14:15:36+0000  elfeed-score-20260125.2028.entry
  2026-02-05T14:15:35+0000  elfeed-score-20260125.2028.tar
Built elfeed-score in 15.975s, finished at 2026-02-05T14:15:38+0000
