 • Building package ellama (from github:s-kostyaev/ellama)...
Updating /mnt/store/melpa/working/ellama/
Checking out d50e672bf97951dc4dec387d239d7d47e77c085c
Copying files (->) and directories (=>)
  from /mnt/store/melpa/working/ellama/
  to /tmp/ellama2LEA2y/ellama-20260201.1628
    ellama-blueprint.el -> ellama-blueprint.el
    ellama-community-prompts.el -> ellama-community-prompts.el
    ellama-context.el -> ellama-context.el
    ellama-manual.el -> ellama-manual.el
    ellama-skills.el -> ellama-skills.el
    ellama-tools.el -> ellama-tools.el
    ellama-transient.el -> ellama-transient.el
    ellama.el -> ellama.el
    ellama.info -> ellama.info
    doclicense.texi -> doclicense.texi
Generating doclicense.info
Created ellama-20260201.1628.tar containing:
  ellama-20260201.1628/
  ellama-20260201.1628/dir
  ellama-20260201.1628/doclicense.info
  ellama-20260201.1628/ellama-blueprint.el
  ellama-20260201.1628/ellama-community-prompts.el
  ellama-20260201.1628/ellama-context.el
  ellama-20260201.1628/ellama-manual.el
  ellama-20260201.1628/ellama-pkg.el
  ellama-20260201.1628/ellama-skills.el
  ellama-20260201.1628/ellama-tools.el
  ellama-20260201.1628/ellama-transient.el
  ellama-20260201.1628/ellama.el
  ellama-20260201.1628/ellama.info
 ✓ Success:
  2026-02-05T14:15:54+0000  ellama-20260201.1628.entry
  2026-02-05T14:15:54+0000  ellama-20260201.1628.tar
Built ellama in 5.323s, finished at 2026-02-05T14:15:55+0000
