 • Building package elpher (from https://thelambdalab.xyz/git/elpher.git)...
Updating /mnt/store/melpa/working/elpher/
Checking out 11d59512609db1220c1137014d97a4373e36155a
Copying files (->) and directories (=>)
  from /mnt/store/melpa/working/elpher/
  to /tmp/elpherAaHLZx/elpher-20260121.2028
    elpher-pkg.el -> elpher-pkg.el
    elpher.el -> elpher.el
    elpher.texi -> elpher.texi
Generating elpher.info
Created elpher-20260121.2028.tar containing:
  elpher-20260121.2028/
  elpher-20260121.2028/dir
  elpher-20260121.2028/elpher-pkg.el
  elpher-20260121.2028/elpher.el
  elpher-20260121.2028/elpher.info
 ✓ Success:
  2026-02-05T14:16:16+0000  elpher-20260121.2028.entry
  2026-02-05T14:16:16+0000  elpher-20260121.2028.tar
Built elpher in 16.833s, finished at 2026-02-05T14:16:17+0000
