 • Building package emacsc (from github:knu/emacsc)...
Updating /mnt/store/melpa/working/emacsc/
Checking out e3c8636d64d787eec876792288e99511d604eeec
Copying files (->) and directories (=>)
  from /mnt/store/melpa/working/emacsc/
  to /tmp/emacscRpK0pp/emacsc-20260125.1050
  ! lisp/emacsc.el -> emacsc.el
    bin => bin
Created emacsc-20260125.1050.tar containing:
  emacsc-20260125.1050/
  emacsc-20260125.1050/bin/
  emacsc-20260125.1050/bin/dired
  emacsc-20260125.1050/bin/ediff
  emacsc-20260125.1050/bin/ediff-merge
  emacsc-20260125.1050/bin/emacsc
  emacsc-20260125.1050/bin/evil
  emacsc-20260125.1050/bin/magit
  emacsc-20260125.1050/emacsc-pkg.el
  emacsc-20260125.1050/emacsc.el
 ✓ Success:
  2026-02-05T14:16:14+0000  emacsc-20260125.1050.entry
  2026-02-05T14:16:14+0000  emacsc-20260125.1050.tar
Built emacsc in 2.541s, finished at 2026-02-05T14:16:15+0000
