 • Building package embark (from github:oantolin/embark)...
Updating /mnt/store/melpa/working/embark/
Checking out 7b3b2fa239c34c2e304eab4367a4f5924c047e2b
Copying files (->) and directories (=>)
  from /mnt/store/melpa/working/embark/
  to /tmp/embarkqS7WRl/embark-20251118.111
    embark.el -> embark.el
    embark-org.el -> embark-org.el
    embark.texi -> embark.texi
Generating embark.info
Created embark-20251118.111.tar containing:
  embark-20251118.111/
  embark-20251118.111/dir
  embark-20251118.111/embark-org.el
  embark-20251118.111/embark-pkg.el
  embark-20251118.111/embark.el
  embark-20251118.111/embark.info
 ✓ Success:
  2026-02-05T14:16:22+0000  embark-20251118.111.entry
  2026-02-05T14:16:22+0000  embark-20251118.111.tar
Built embark in 5.294s, finished at 2026-02-05T14:16:23+0000
