 • Building package enh-ruby-mode (from github:zenspider/enhanced-ruby-mode)...
Updating /mnt/store/melpa/working/enh-ruby-mode/
Checking out 1a3a93a6ba51798baa7364589136d974b19fd8d8
Copying files (->) and directories (=>)
  from /mnt/store/melpa/working/enh-ruby-mode/
  to /tmp/enh-ruby-mode7DQ6Kl/enh-ruby-mode-20260107.824
    enh-ruby-mode.el -> enh-ruby-mode.el
    ruby/erm.rb -> ruby/erm.rb
    ruby/erm_buffer.rb -> ruby/erm_buffer.rb
Created enh-ruby-mode-20260107.824.tar containing:
  enh-ruby-mode-20260107.824/
  enh-ruby-mode-20260107.824/enh-ruby-mode-pkg.el
  enh-ruby-mode-20260107.824/enh-ruby-mode.el
  enh-ruby-mode-20260107.824/ruby/
  enh-ruby-mode-20260107.824/ruby/erm.rb
  enh-ruby-mode-20260107.824/ruby/erm_buffer.rb
 ✓ Success:
  2026-02-05T14:16:43+0000  enh-ruby-mode-20260107.824.entry
  2026-02-05T14:16:43+0000  enh-ruby-mode-20260107.824.tar
Built enh-ruby-mode in 3.264s, finished at 2026-02-05T14:16:44+0000
