 • Building package epkg (from github:emacscollective/epkg)...
Updating /mnt/store/melpa/working/epkg/
Checking out 7758de6c8b6d56829b134be751562b1f885d311b
Copying files (->) and directories (=>)
  from /mnt/store/melpa/working/epkg/
  to /tmp/epkgHHIBMX/epkg-20260201.1503
  ! lisp/epkg-desc.el -> epkg-desc.el
  ! lisp/epkg-elpa.el -> epkg-elpa.el
  ! lisp/epkg-list.el -> epkg-list.el
  ! lisp/epkg-org.el -> epkg-org.el
  ! lisp/epkg-schemata.el -> epkg-schemata.el
  ! lisp/epkg-utils.el -> epkg-utils.el
  ! lisp/epkg.el -> epkg.el
  ! docs/epkg.texi -> epkg.texi
    .dir-locals.el -> .dir-locals.el
Generating epkg.info
Created epkg-20260201.1503.tar containing:
  epkg-20260201.1503/
  epkg-20260201.1503/.dir-locals.el
  epkg-20260201.1503/dir
  epkg-20260201.1503/epkg-desc.el
  epkg-20260201.1503/epkg-elpa.el
  epkg-20260201.1503/epkg-list.el
  epkg-20260201.1503/epkg-org.el
  epkg-20260201.1503/epkg-pkg.el
  epkg-20260201.1503/epkg-schemata.el
  epkg-20260201.1503/epkg-utils.el
  epkg-20260201.1503/epkg.el
  epkg-20260201.1503/epkg.info
 ✓ Success:
  2026-02-05T14:16:53+0000  epkg-20260201.1503.entry
  2026-02-05T14:16:53+0000  epkg-20260201.1503.tar
Built epkg in 4.232s, finished at 2026-02-05T14:16:54+0000
