 • Building package erlang (from github:erlang/otp)...
Updating /mnt/store/melpa/working/erlang/
Checking out 7f5eb9b686c16c2997358ba3052c234aedbeff33
Copying files (->) and directories (=>)
  from /mnt/store/melpa/working/erlang/
  to /tmp/erlanglaYzvc/erlang-20260127.1516
  ! lib/tools/emacs/erlang-edoc.el -> erlang-edoc.el
  ! lib/tools/emacs/erlang-eunit.el -> erlang-eunit.el
  ! lib/tools/emacs/erlang-flymake.el -> erlang-flymake.el
  ! lib/tools/emacs/erlang-skels-old.el -> erlang-skels-old.el
  ! lib/tools/emacs/erlang-skels.el -> erlang-skels.el
  ! lib/tools/emacs/erlang-start.el -> erlang-start.el
  ! lib/tools/emacs/erlang-test.el -> erlang-test.el
  ! lib/tools/emacs/erlang.el -> erlang.el
  ! lib/tools/emacs/erldoc.el -> erldoc.el
Created erlang-20260127.1516.tar containing:
  erlang-20260127.1516/
  erlang-20260127.1516/erlang-edoc.el
  erlang-20260127.1516/erlang-eunit.el
  erlang-20260127.1516/erlang-flymake.el
  erlang-20260127.1516/erlang-pkg.el
  erlang-20260127.1516/erlang-skels-old.el
  erlang-20260127.1516/erlang-skels.el
  erlang-20260127.1516/erlang-start.el
  erlang-20260127.1516/erlang-test.el
  erlang-20260127.1516/erlang.el
  erlang-20260127.1516/erldoc.el
 ✓ Success:
  2026-02-05T14:17:23+0000  erlang-20260127.1516.entry
  2026-02-05T14:17:23+0000  erlang-20260127.1516.tar
Built erlang in 11.461s, finished at 2026-02-05T14:17:24+0000
