 • Building package evalator (from github:seanirby/evalator)...
Updating /mnt/store/melpa/working/evalator/
Checking out f30da4da48c0b3f3cfa1fc1c7cfdb53ffe79df36
Copying files (->) and directories (=>)
  from /mnt/store/melpa/working/evalator/
  to /tmp/evalatorD6firO/evalator-20160213.128
    evalator-config.el -> evalator-config.el
    evalator-context.el -> evalator-context.el
    evalator-elisp.el -> evalator-elisp.el
    evalator-faces.el -> evalator-faces.el
    evalator-history.el -> evalator-history.el
    evalator-key-map.el -> evalator-key-map.el
    evalator-state.el -> evalator-state.el
    evalator-utils.el -> evalator-utils.el
    evalator.el -> evalator.el
Created evalator-20160213.128.tar containing:
  evalator-20160213.128/
  evalator-20160213.128/evalator-config.el
  evalator-20160213.128/evalator-context.el
  evalator-20160213.128/evalator-elisp.el
  evalator-20160213.128/evalator-faces.el
  evalator-20160213.128/evalator-history.el
  evalator-20160213.128/evalator-key-map.el
  evalator-20160213.128/evalator-pkg.el
  evalator-20160213.128/evalator-state.el
  evalator-20160213.128/evalator-utils.el
  evalator-20160213.128/evalator.el
 ✓ Success:
  2026-02-05T14:18:01+0000  evalator-20160213.128.entry
  2026-02-05T14:18:01+0000  evalator-20160213.128.tar
Built evalator in 3.854s, finished at 2026-02-05T14:18:02+0000
