 • Building package evenok (from codeberg:mekeor/evenok)...
Updating /mnt/store/melpa/working/evenok/
Checking out 541c44d35c8f2e8e8ba4a0f1faf9da9466db9ed6
Copying files (->) and directories (=>)
  from /mnt/store/melpa/working/evenok/
  to /tmp/evenok5DEefN/evenok-20260120.2215
    evenok-dark-extra-theme.el -> evenok-dark-extra-theme.el
    evenok-dark-theme.el -> evenok-dark-theme.el
    evenok-extra.el -> evenok-extra.el
    evenok-light-extra-theme.el -> evenok-light-extra-theme.el
    evenok-light-theme.el -> evenok-light-theme.el
    evenok.el -> evenok.el
Created evenok-20260120.2215.tar containing:
  evenok-20260120.2215/
  evenok-20260120.2215/evenok-dark-extra-theme.el
  evenok-20260120.2215/evenok-dark-theme.el
  evenok-20260120.2215/evenok-extra.el
  evenok-20260120.2215/evenok-light-extra-theme.el
  evenok-20260120.2215/evenok-light-theme.el
  evenok-20260120.2215/evenok-pkg.el
  evenok-20260120.2215/evenok.el
 ✓ Success:
  2026-02-05T14:18:06+0000  evenok-20260120.2215.entry
  2026-02-05T14:18:06+0000  evenok-20260120.2215.tar
Built evenok in 4.480s, finished at 2026-02-05T14:18:07+0000
