 • Building package finito (from github:LaurenceWarne/finito.el)...
Updating /mnt/store/melpa/working/finito/
Checking out 4f768de5ce9784ca54125c5056b0a026ba2eb42c
Copying files (->) and directories (=>)
  from /mnt/store/melpa/working/finito/
  to /tmp/finitoTFgSzZ/finito-20260111.1424
    finito-buffer.el -> finito-buffer.el
    finito-core.el -> finito-core.el
    finito-graphql.el -> finito-graphql.el
    finito-request.el -> finito-request.el
    finito-server.el -> finito-server.el
    finito.el -> finito.el
Created finito-20260111.1424.tar containing:
  finito-20260111.1424/
  finito-20260111.1424/finito-buffer.el
  finito-20260111.1424/finito-core.el
  finito-20260111.1424/finito-graphql.el
  finito-20260111.1424/finito-pkg.el
  finito-20260111.1424/finito-request.el
  finito-20260111.1424/finito-server.el
  finito-20260111.1424/finito.el
 ✓ Success:
  2026-02-05T14:20:04+0000  finito-20260111.1424.entry
  2026-02-05T14:20:04+0000  finito-20260111.1424.tar
Built finito in 3.301s, finished at 2026-02-05T14:20:05+0000
