 • Building package forge (from github:magit/forge)...
Updating /mnt/store/melpa/working/forge/
Checking out 6c7ed3f87730b7085293db0e277c0c90a29bab38
Copying files (->) and directories (=>)
  from /mnt/store/melpa/working/forge/
  to /tmp/forgeobjOSj/forge-20260130.1613
  ! lisp/forge-bitbucket.el -> forge-bitbucket.el
  ! lisp/forge-client.el -> forge-client.el
  ! lisp/forge-commands.el -> forge-commands.el
  ! lisp/forge-core.el -> forge-core.el
  ! lisp/forge-db.el -> forge-db.el
  ! lisp/forge-discussion.el -> forge-discussion.el
  ! lisp/forge-forgejo.el -> forge-forgejo.el
  ! lisp/forge-gitea.el -> forge-gitea.el
  ! lisp/forge-github.el -> forge-github.el
  ! lisp/forge-gitlab.el -> forge-gitlab.el
  ! lisp/forge-gogs.el -> forge-gogs.el
  ! lisp/forge-issue.el -> forge-issue.el
  ! lisp/forge-notify.el -> forge-notify.el
  ! lisp/forge-post.el -> forge-post.el
  ! lisp/forge-pullreq.el -> forge-pullreq.el
  ! lisp/forge-repo.el -> forge-repo.el
  ! lisp/forge-repos.el -> forge-repos.el
  ! lisp/forge-revnote.el -> forge-revnote.el
  ! lisp/forge-semi.el -> forge-semi.el
  ! lisp/forge-tablist.el -> forge-tablist.el
  ! lisp/forge-topic.el -> forge-topic.el
  ! lisp/forge-topics.el -> forge-topics.el
  ! lisp/forge.el -> forge.el
  ! docs/forge.texi -> forge.texi
    .dir-locals.el -> .dir-locals.el
Generating forge.info
Created forge-20260130.1613.tar containing:
  forge-20260130.1613/
  forge-20260130.1613/.dir-locals.el
  forge-20260130.1613/dir
  forge-20260130.1613/forge-bitbucket.el
  forge-20260130.1613/forge-client.el
  forge-20260130.1613/forge-commands.el
  forge-20260130.1613/forge-core.el
  forge-20260130.1613/forge-db.el
  forge-20260130.1613/forge-discussion.el
  forge-20260130.1613/forge-forgejo.el
  forge-20260130.1613/forge-gitea.el
  forge-20260130.1613/forge-github.el
  forge-20260130.1613/forge-gitlab.el
  forge-20260130.1613/forge-gogs.el
  forge-20260130.1613/forge-issue.el
  forge-20260130.1613/forge-notify.el
  forge-20260130.1613/forge-pkg.el
  forge-20260130.1613/forge-post.el
  forge-20260130.1613/forge-pullreq.el
  forge-20260130.1613/forge-repo.el
  forge-20260130.1613/forge-repos.el
  forge-20260130.1613/forge-revnote.el
  forge-20260130.1613/forge-semi.el
  forge-20260130.1613/forge-tablist.el
  forge-20260130.1613/forge-topic.el
  forge-20260130.1613/forge-topics.el
  forge-20260130.1613/forge.el
  forge-20260130.1613/forge.info
 ✓ Success:
  2026-02-05T14:23:03+0000  forge-20260130.1613.entry
  2026-02-05T14:23:03+0000  forge-20260130.1613.tar
Built forge in 5.629s, finished at 2026-02-05T14:23:04+0000
