 • Building package fountain-mode (from github:rnkn/fountain-mode)...
Updating /mnt/store/melpa/working/fountain-mode/
Checking out 74ddc5a783e8204beeda3343ea6725a3c198f4bc
Copying files (->) and directories (=>)
  from /mnt/store/melpa/working/fountain-mode/
  to /tmp/fountain-modeW9FfMa/fountain-mode-20241106.219
    fountain-mode.el -> fountain-mode.el
  ! doc/fountain-mode.texi -> fountain-mode.texi
  ! contrib/fountain-theme.el -> fountain-theme.el
Generating fountain-mode.info
Created fountain-mode-20241106.219.tar containing:
  fountain-mode-20241106.219/
  fountain-mode-20241106.219/dir
  fountain-mode-20241106.219/fountain-mode-pkg.el
  fountain-mode-20241106.219/fountain-mode.el
  fountain-mode-20241106.219/fountain-mode.info
  fountain-mode-20241106.219/fountain-theme.el
 ✓ Success:
  2026-02-05T14:23:10+0000  fountain-mode-20241106.219.entry
  2026-02-05T14:23:10+0000  fountain-mode-20241106.219.tar
Built fountain-mode in 4.636s, finished at 2026-02-05T14:23:11+0000
