 • Building package gdscript-mode (from github:godotengine/emacs-gdscript-mode)...
Updating /mnt/store/melpa/working/gdscript-mode/
Checking out dd44f1dfa541c73d41272adefd35017147dc9fcb
Copying files (->) and directories (=>)
  from /mnt/store/melpa/working/gdscript-mode/
  to /tmp/gdscript-mode7jrBgS/gdscript-mode-20260202.556
    gdscript-comint-gdformat.el -> gdscript-comint-gdformat.el
    gdscript-comint.el -> gdscript-comint.el
    gdscript-completion.el -> gdscript-completion.el
    gdscript-customization.el -> gdscript-customization.el
    gdscript-debug.el -> gdscript-debug.el
    gdscript-docs.el -> gdscript-docs.el
    gdscript-eglot.el -> gdscript-eglot.el
    gdscript-fill-paragraph.el -> gdscript-fill-paragraph.el
    gdscript-format.el -> gdscript-format.el
    gdscript-godot.el -> gdscript-godot.el
    gdscript-history.el -> gdscript-history.el
    gdscript-hydra.el -> gdscript-hydra.el
    gdscript-imenu.el -> gdscript-imenu.el
    gdscript-indent-and-nav.el -> gdscript-indent-and-nav.el
    gdscript-keywords.el -> gdscript-keywords.el
    gdscript-mode.el -> gdscript-mode.el
    gdscript-project.el -> gdscript-project.el
    gdscript-rx.el -> gdscript-rx.el
    gdscript-syntax.el -> gdscript-syntax.el
    gdscript-ts-mode.el -> gdscript-ts-mode.el
    gdscript-utils.el -> gdscript-utils.el
Created gdscript-mode-20260202.556.tar containing:
  gdscript-mode-20260202.556/
  gdscript-mode-20260202.556/gdscript-comint-gdformat.el
  gdscript-mode-20260202.556/gdscript-comint.el
  gdscript-mode-20260202.556/gdscript-completion.el
  gdscript-mode-20260202.556/gdscript-customization.el
  gdscript-mode-20260202.556/gdscript-debug.el
  gdscript-mode-20260202.556/gdscript-docs.el
  gdscript-mode-20260202.556/gdscript-eglot.el
  gdscript-mode-20260202.556/gdscript-fill-paragraph.el
  gdscript-mode-20260202.556/gdscript-format.el
  gdscript-mode-20260202.556/gdscript-godot.el
  gdscript-mode-20260202.556/gdscript-history.el
  gdscript-mode-20260202.556/gdscript-hydra.el
  gdscript-mode-20260202.556/gdscript-imenu.el
  gdscript-mode-20260202.556/gdscript-indent-and-nav.el
  gdscript-mode-20260202.556/gdscript-keywords.el
  gdscript-mode-20260202.556/gdscript-mode-pkg.el
  gdscript-mode-20260202.556/gdscript-mode.el
  gdscript-mode-20260202.556/gdscript-project.el
  gdscript-mode-20260202.556/gdscript-rx.el
  gdscript-mode-20260202.556/gdscript-syntax.el
  gdscript-mode-20260202.556/gdscript-ts-mode.el
  gdscript-mode-20260202.556/gdscript-utils.el
 ✓ Success:
  2026-02-05T14:23:44+0000  gdscript-mode-20260202.556.entry
  2026-02-05T14:23:44+0000  gdscript-mode-20260202.556.tar
Built gdscript-mode in 3.718s, finished at 2026-02-05T14:23:45+0000
