 • Building package geiser-mit (from gitlab:emacs-geiser/mit)...
Updating /mnt/store/melpa/working/geiser-mit/
Checking out ddd2ba733e8274d40a26b5d6d2ee11f1bac8abe6
Copying files (->) and directories (=>)
  from /mnt/store/melpa/working/geiser-mit/
  to /tmp/geiser-mitZpnMvc/geiser-mit-20240909.1145
    geiser-mit.el -> geiser-mit.el
    src/geiser => src/geiser
Created geiser-mit-20240909.1145.tar containing:
  geiser-mit-20240909.1145/
  geiser-mit-20240909.1145/geiser-mit-pkg.el
  geiser-mit-20240909.1145/geiser-mit.el
  geiser-mit-20240909.1145/src/
  geiser-mit-20240909.1145/src/geiser/
  geiser-mit-20240909.1145/src/geiser/compile.scm
  geiser-mit-20240909.1145/src/geiser/emacs.scm
  geiser-mit-20240909.1145/src/geiser/geiser.pkg
  geiser-mit-20240909.1145/src/geiser/load.scm
 ✓ Success:
  2026-02-05T14:23:53+0000  geiser-mit-20240909.1145.entry
  2026-02-05T14:23:53+0000  geiser-mit-20240909.1145.tar
Built geiser-mit in 3.275s, finished at 2026-02-05T14:23:54+0000
