 • Building package geiser-chibi (from gitlab:emacs-geiser/chibi)...
Updating /mnt/store/melpa/working/geiser-chibi/
Checking out 2502fed1349c2703eea528b74bcc980ad6bceab8
Copying files (->) and directories (=>)
  from /mnt/store/melpa/working/geiser-chibi/
  to /tmp/geiser-chibiyHnJdH/geiser-chibi-20240521.2252
    geiser-chibi.el -> geiser-chibi.el
    src/geiser => src/geiser
Created geiser-chibi-20240521.2252.tar containing:
  geiser-chibi-20240521.2252/
  geiser-chibi-20240521.2252/geiser-chibi-pkg.el
  geiser-chibi-20240521.2252/geiser-chibi.el
  geiser-chibi-20240521.2252/src/
  geiser-chibi-20240521.2252/src/geiser/
  geiser-chibi-20240521.2252/src/geiser/geiser.scm
  geiser-chibi-20240521.2252/src/geiser/geiser.sld
 ✓ Success:
  2026-02-05T14:23:49+0000  geiser-chibi-20240521.2252.entry
  2026-02-05T14:23:49+0000  geiser-chibi-20240521.2252.tar
Built geiser-chibi in 3.029s, finished at 2026-02-05T14:23:50+0000
