 • Building package geiser-gambit (from gitlab:emacs-geiser/gambit)...
Updating /mnt/store/melpa/working/geiser-gambit/
Checking out 381d74ca5059b44fe3d8b5daf42214019c6d1a88
Copying files (->) and directories (=>)
  from /mnt/store/melpa/working/geiser-gambit/
  to /tmp/geiser-gambitgXXGw2/geiser-gambit-20220208.1356
    geiser-gambit.el -> geiser-gambit.el
    src/geiser => src/geiser
Created geiser-gambit-20220208.1356.tar containing:
  geiser-gambit-20220208.1356/
  geiser-gambit-20220208.1356/geiser-gambit-pkg.el
  geiser-gambit-20220208.1356/geiser-gambit.el
  geiser-gambit-20220208.1356/src/
  geiser-gambit-20220208.1356/src/geiser/
  geiser-gambit-20220208.1356/src/geiser/gambit.scm
  geiser-gambit-20220208.1356/src/geiser/gambit_procedures.scm
 ✓ Success:
  2026-02-05T14:23:50+0000  geiser-gambit-20220208.1356.entry
  2026-02-05T14:23:50+0000  geiser-gambit-20220208.1356.tar
Built geiser-gambit in 3.088s, finished at 2026-02-05T14:23:51+0000
