 • Building package ghub (from github:magit/ghub)...
Updating /mnt/store/melpa/working/ghub/
Checking out 278d9fb5f3f673a4ecfe551faeacc0dfd5de0783
Copying files (->) and directories (=>)
  from /mnt/store/melpa/working/ghub/
  to /tmp/ghub0YMbZU/ghub-20260101.1852
  ! lisp/ghub-graphql.el -> ghub-graphql.el
  ! lisp/ghub-legacy.el -> ghub-legacy.el
  ! lisp/ghub.el -> ghub.el
  ! lisp/gsexp.el -> gsexp.el
  ! docs/ghub.texi -> ghub.texi
    .dir-locals.el -> .dir-locals.el
Generating ghub.info
Created ghub-20260101.1852.tar containing:
  ghub-20260101.1852/
  ghub-20260101.1852/.dir-locals.el
  ghub-20260101.1852/dir
  ghub-20260101.1852/ghub-graphql.el
  ghub-20260101.1852/ghub-legacy.el
  ghub-20260101.1852/ghub-pkg.el
  ghub-20260101.1852/ghub.el
  ghub-20260101.1852/ghub.info
  ghub-20260101.1852/gsexp.el
 ✓ Success:
  2026-02-05T14:24:11+0000  ghub-20260101.1852.entry
  2026-02-05T14:24:11+0000  ghub-20260101.1852.tar
Built ghub in 4.765s, finished at 2026-02-05T14:24:11+0000
