Package: git-walktree
Fetcher: github
Source:  https://github.com/10sr/git-walktree-el

Updating /mnt/store/melpa/working/git-walktree/
Checking out a1a5490b89d193724ec637818baf2d8edf97c638
Copying files (->) and directories (=>)
  from /mnt/store/melpa/working/git-walktree/
  to /tmp/git-walktreepaVjQ4/git-walktree-20191101.302
    git-walktree-mode.el -> git-walktree-mode.el
    git-walktree-read.el -> git-walktree-read.el
    git-walktree-utils.el -> git-walktree-utils.el
    git-walktree.el -> git-walktree.el
Created git-walktree-20191101.302.tar containing:
  git-walktree-20191101.302/
  git-walktree-20191101.302/git-walktree-mode.el
  git-walktree-20191101.302/git-walktree-pkg.el
  git-walktree-20191101.302/git-walktree-read.el
  git-walktree-20191101.302/git-walktree-utils.el
  git-walktree-20191101.302/git-walktree.el
 ✓ Success:
  2025-02-24T19:12:31+0000  git-walktree-20191101.302.entry
  2025-02-24T19:12:30+0000  git-walktree-20191101.302.tar
Built git-walktree in 3.836s, finished at 2025-02-24T19:12:32+0000
