 • Building package git-modes (from github:magit/git-modes)...
Updating /mnt/store/melpa/working/git-modes/
Checking out c3faeeea1982786f78d8c38397dec0f078eaec84
Copying files (->) and directories (=>)
  from /mnt/store/melpa/working/git-modes/
  to /tmp/git-modesJpoybj/git-modes-20260101.1834
    git-modes.el -> git-modes.el
    gitattributes-mode.el -> gitattributes-mode.el
    gitconfig-mode.el -> gitconfig-mode.el
    gitignore-mode.el -> gitignore-mode.el
Created git-modes-20260101.1834.tar containing:
  git-modes-20260101.1834/
  git-modes-20260101.1834/git-modes-pkg.el
  git-modes-20260101.1834/git-modes.el
  git-modes-20260101.1834/gitattributes-mode.el
  git-modes-20260101.1834/gitconfig-mode.el
  git-modes-20260101.1834/gitignore-mode.el
 ✓ Success:
  2026-02-05T14:24:28+0000  git-modes-20260101.1834.entry
  2026-02-05T14:24:28+0000  git-modes-20260101.1834.tar
Built git-modes in 2.952s, finished at 2026-02-05T14:24:29+0000
