 • Building package gnosis (from https://git.thanosapollo.org/gnosis)...
Updating /mnt/store/melpa/working/gnosis/
Checking out 729d1ebf8debc1961581e548683741b5590fe6be
Copying files (->) and directories (=>)
  from /mnt/store/melpa/working/gnosis/
  to /tmp/gnosisQlxSC4/gnosis-20260202.352
    gnosis-algorithm.el -> gnosis-algorithm.el
    gnosis-dashboard.el -> gnosis-dashboard.el
    gnosis-monkeytype.el -> gnosis-monkeytype.el
    gnosis-utils.el -> gnosis-utils.el
    gnosis.el -> gnosis.el
  ! doc/gnosis.info -> gnosis.info
  ! doc/gnosis.texi -> gnosis.texi
Generating gnosis.info
Created gnosis-20260202.352.tar containing:
  gnosis-20260202.352/
  gnosis-20260202.352/dir
  gnosis-20260202.352/gnosis-algorithm.el
  gnosis-20260202.352/gnosis-dashboard.el
  gnosis-20260202.352/gnosis-monkeytype.el
  gnosis-20260202.352/gnosis-pkg.el
  gnosis-20260202.352/gnosis-utils.el
  gnosis-20260202.352/gnosis.el
  gnosis-20260202.352/gnosis.info
 ✓ Success:
  2026-02-05T14:25:03+0000  gnosis-20260202.352.entry
  2026-02-05T14:25:03+0000  gnosis-20260202.352.tar
Built gnosis in 5.881s, finished at 2026-02-05T14:25:03+0000
