 • Building package gnuplot (from github:emacs-gnuplot/gnuplot)...
Updating /mnt/store/melpa/working/gnuplot/
Checking out e4d19faf760f9f261339586f723859ce7869e760
Copying files (->) and directories (=>)
  from /mnt/store/melpa/working/gnuplot/
  to /tmp/gnuplotHsTlvd/gnuplot-20260117.1740
    gnuplot.el -> gnuplot.el
    gnuplot-gui.el -> gnuplot-gui.el
    gnuplot-context.el -> gnuplot-context.el
    gnuplot-eldoc.el -> gnuplot-eldoc.el
    gnuplot.texi -> gnuplot.texi
Generating gnuplot.info
Created gnuplot-20260117.1740.tar containing:
  gnuplot-20260117.1740/
  gnuplot-20260117.1740/dir
  gnuplot-20260117.1740/gnuplot-context.el
  gnuplot-20260117.1740/gnuplot-eldoc.el
  gnuplot-20260117.1740/gnuplot-gui.el
  gnuplot-20260117.1740/gnuplot-pkg.el
  gnuplot-20260117.1740/gnuplot.el
  gnuplot-20260117.1740/gnuplot.info
 ✓ Success:
  2026-02-05T14:25:12+0000  gnuplot-20260117.1740.entry
  2026-02-05T14:25:12+0000  gnuplot-20260117.1740.tar
Built gnuplot in 14.309s, finished at 2026-02-05T14:25:13+0000
