 • Building package gpr-ts-mode (from github:brownts/gpr-ts-mode)...
Updating /mnt/store/melpa/working/gpr-ts-mode/
Checking out b8aeca2c8fd5ed370dad0676da8f380627c916d5
Copying files (->) and directories (=>)
  from /mnt/store/melpa/working/gpr-ts-mode/
  to /tmp/gpr-ts-modeiZsNsd/gpr-ts-mode-20250111.1503
    gpr-ts-casing.el -> gpr-ts-casing.el
    gpr-ts-completion.el -> gpr-ts-completion.el
    gpr-ts-mode.el -> gpr-ts-mode.el
  ! doc/gpr-ts-mode.texi -> gpr-ts-mode.texi
Generating gpr-ts-mode.info
Created gpr-ts-mode-20250111.1503.tar containing:
  gpr-ts-mode-20250111.1503/
  gpr-ts-mode-20250111.1503/dir
  gpr-ts-mode-20250111.1503/gpr-ts-casing.el
  gpr-ts-mode-20250111.1503/gpr-ts-completion.el
  gpr-ts-mode-20250111.1503/gpr-ts-mode-pkg.el
  gpr-ts-mode-20250111.1503/gpr-ts-mode.el
  gpr-ts-mode-20250111.1503/gpr-ts-mode.info
 ✓ Success:
  2026-02-05T14:25:51+0000  gpr-ts-mode-20250111.1503.entry
  2026-02-05T14:25:51+0000  gpr-ts-mode-20250111.1503.tar
Built gpr-ts-mode in 4.728s, finished at 2026-02-05T14:25:51+0000
