 • Building package greader (from gitlab:michelangelo-rodriguez/greader)...
Updating /mnt/store/melpa/working/greader/
Checking out 66a405e49df0421e4d3b8cd4fc81716a949a9568
Copying files (->) and directories (=>)
  from /mnt/store/melpa/working/greader/
  to /tmp/greadervBwYmj/greader-20260103.2206
    greader-audiobook.el -> greader-audiobook.el
    greader-dict.el -> greader-dict.el
    greader-espeak.el -> greader-espeak.el
    greader-mac.el -> greader-mac.el
    greader-piper.el -> greader-piper.el
    greader-speechd.el -> greader-speechd.el
    greader-translate.el -> greader-translate.el
    greader.el -> greader.el
Created greader-20260103.2206.tar containing:
  greader-20260103.2206/
  greader-20260103.2206/greader-audiobook.el
  greader-20260103.2206/greader-dict.el
  greader-20260103.2206/greader-espeak.el
  greader-20260103.2206/greader-mac.el
  greader-20260103.2206/greader-piper.el
  greader-20260103.2206/greader-pkg.el
  greader-20260103.2206/greader-speechd.el
  greader-20260103.2206/greader-translate.el
  greader-20260103.2206/greader.el
 ✓ Success:
  2026-02-05T14:26:10+0000  greader-20260103.2206.entry
  2026-02-05T14:26:10+0000  greader-20260103.2206.tar
Built greader in 3.763s, finished at 2026-02-05T14:26:11+0000
