 • Building package guava-themes (from github:bormoge/guava-themes)...
Updating /mnt/store/melpa/working/guava-themes/
Checking out 38ca52de6b8b9a70ca0e1f5344d3f4caa4d81a3a
Copying files (->) and directories (=>)
  from /mnt/store/melpa/working/guava-themes/
  to /tmp/guava-themesj5wmjL/guava-themes-20260121.2115
    guava-themes.el -> guava-themes.el
  ! themes/guava-themes-acer-theme.el -> guava-themes-acer-theme.el
  ! themes/guava-themes-ceiba-theme.el -> guava-themes-ceiba-theme.el
  ! themes/guava-themes-cordyline-theme.el -> guava-themes-cordyline-theme.el
  ! themes/guava-themes-dracaena-theme.el -> guava-themes-dracaena-theme.el
  ! themes/guava-themes-jacaranda-theme.el -> guava-themes-jacaranda-theme.el
  ! themes/guava-themes-prunus-theme.el -> guava-themes-prunus-theme.el
  ! themes/guava-themes-psidium-theme.el -> guava-themes-psidium-theme.el
  ! themes/guava-themes-rhododendron-theme.el -> guava-themes-rhododendron-theme.el
Created guava-themes-20260121.2115.tar containing:
  guava-themes-20260121.2115/
  guava-themes-20260121.2115/guava-themes-acer-theme.el
  guava-themes-20260121.2115/guava-themes-ceiba-theme.el
  guava-themes-20260121.2115/guava-themes-cordyline-theme.el
  guava-themes-20260121.2115/guava-themes-dracaena-theme.el
  guava-themes-20260121.2115/guava-themes-jacaranda-theme.el
  guava-themes-20260121.2115/guava-themes-pkg.el
  guava-themes-20260121.2115/guava-themes-prunus-theme.el
  guava-themes-20260121.2115/guava-themes-psidium-theme.el
  guava-themes-20260121.2115/guava-themes-rhododendron-theme.el
  guava-themes-20260121.2115/guava-themes.el
 ✓ Success:
  2026-02-05T14:26:33+0000  guava-themes-20260121.2115.entry
  2026-02-05T14:26:33+0000  guava-themes-20260121.2115.tar
Built guava-themes in 5.218s, finished at 2026-02-05T14:26:35+0000
