 • Building package gumshoe (from github:Overdr0ne/gumshoe)...
Updating /mnt/store/melpa/working/gumshoe/
Checking out 2f4f54a584d4460b838ae8e366c07eb0f040d408
Copying files (->) and directories (=>)
  from /mnt/store/melpa/working/gumshoe/
  to /tmp/gumshoe4kiroX/gumshoe-20260110.1840
    consult-gumshoe.el -> consult-gumshoe.el
    context-perspective.el -> context-perspective.el
    context.el -> context.el
    elpa.el -> elpa.el
    etree.el -> etree.el
    gumshoe-backtracker.el -> gumshoe-backtracker.el
    gumshoe-completionist.el -> gumshoe-completionist.el
    gumshoe-footprints.el -> gumshoe-footprints.el
    gumshoe-lib.el -> gumshoe-lib.el
    gumshoe-persp.el -> gumshoe-persp.el
    gumshoe-peruse.el -> gumshoe-peruse.el
    gumshoe-ring.el -> gumshoe-ring.el
    gumshoe-tree.el -> gumshoe-tree.el
    gumshoe.el -> gumshoe.el
Created gumshoe-20260110.1840.tar containing:
  gumshoe-20260110.1840/
  gumshoe-20260110.1840/consult-gumshoe.el
  gumshoe-20260110.1840/context-perspective.el
  gumshoe-20260110.1840/context.el
  gumshoe-20260110.1840/elpa.el
  gumshoe-20260110.1840/etree.el
  gumshoe-20260110.1840/gumshoe-backtracker.el
  gumshoe-20260110.1840/gumshoe-completionist.el
  gumshoe-20260110.1840/gumshoe-footprints.el
  gumshoe-20260110.1840/gumshoe-lib.el
  gumshoe-20260110.1840/gumshoe-persp.el
  gumshoe-20260110.1840/gumshoe-peruse.el
  gumshoe-20260110.1840/gumshoe-pkg.el
  gumshoe-20260110.1840/gumshoe-ring.el
  gumshoe-20260110.1840/gumshoe-tree.el
  gumshoe-20260110.1840/gumshoe.el
 ✓ Success:
  2026-02-05T14:26:37+0000  gumshoe-20260110.1840.entry
  2026-02-05T14:26:37+0000  gumshoe-20260110.1840.tar
Built gumshoe in 4.987s, finished at 2026-02-05T14:26:39+0000
