 • Building package helm (from github:emacs-helm/helm)...
Updating /mnt/store/melpa/working/helm/
Checking out 3065b5d7c42fd2ba23ebd73cb25dc028990fc0bb
Copying files (->) and directories (=>)
  from /mnt/store/melpa/working/helm/
  to /tmp/helm1a6Rf8/helm-20260108.714
    helm-adaptive.el -> helm-adaptive.el
    helm-bookmark.el -> helm-bookmark.el
    helm-buffers.el -> helm-buffers.el
    helm-color.el -> helm-color.el
    helm-command.el -> helm-command.el
    helm-dabbrev.el -> helm-dabbrev.el
    helm-easymenu.el -> helm-easymenu.el
    helm-elisp.el -> helm-elisp.el
    helm-epa.el -> helm-epa.el
    helm-eshell.el -> helm-eshell.el
    helm-eval.el -> helm-eval.el
    helm-external.el -> helm-external.el
    helm-fd.el -> helm-fd.el
    helm-files.el -> helm-files.el
    helm-find.el -> helm-find.el
    helm-font.el -> helm-font.el
    helm-for-files.el -> helm-for-files.el
    helm-global-bindings.el -> helm-global-bindings.el
    helm-grep.el -> helm-grep.el
    helm-help.el -> helm-help.el
    helm-id-utils.el -> helm-id-utils.el
    helm-imenu.el -> helm-imenu.el
    helm-info.el -> helm-info.el
    helm-locate.el -> helm-locate.el
    helm-man.el -> helm-man.el
    helm-misc.el -> helm-misc.el
    helm-mode.el -> helm-mode.el
    helm-net.el -> helm-net.el
    helm-occur.el -> helm-occur.el
    helm-packages.el -> helm-packages.el
    helm-regexp.el -> helm-regexp.el
    helm-ring.el -> helm-ring.el
    helm-semantic.el -> helm-semantic.el
    helm-sys.el -> helm-sys.el
    helm-tags.el -> helm-tags.el
    helm-types.el -> helm-types.el
    helm-utils.el -> helm-utils.el
    helm-x-files.el -> helm-x-files.el
    helm-x-icons.el -> helm-x-icons.el
    helm.el -> helm.el
    emacs-helm.sh -> emacs-helm.sh
Created helm-20260108.714.tar containing:
  helm-20260108.714/
  helm-20260108.714/emacs-helm.sh
  helm-20260108.714/helm-adaptive.el
  helm-20260108.714/helm-bookmark.el
  helm-20260108.714/helm-buffers.el
  helm-20260108.714/helm-color.el
  helm-20260108.714/helm-command.el
  helm-20260108.714/helm-dabbrev.el
  helm-20260108.714/helm-easymenu.el
  helm-20260108.714/helm-elisp.el
  helm-20260108.714/helm-epa.el
  helm-20260108.714/helm-eshell.el
  helm-20260108.714/helm-eval.el
  helm-20260108.714/helm-external.el
  helm-20260108.714/helm-fd.el
  helm-20260108.714/helm-files.el
  helm-20260108.714/helm-find.el
  helm-20260108.714/helm-font.el
  helm-20260108.714/helm-for-files.el
  helm-20260108.714/helm-global-bindings.el
  helm-20260108.714/helm-grep.el
  helm-20260108.714/helm-help.el
  helm-20260108.714/helm-id-utils.el
  helm-20260108.714/helm-imenu.el
  helm-20260108.714/helm-info.el
  helm-20260108.714/helm-locate.el
  helm-20260108.714/helm-man.el
  helm-20260108.714/helm-misc.el
  helm-20260108.714/helm-mode.el
  helm-20260108.714/helm-net.el
  helm-20260108.714/helm-occur.el
  helm-20260108.714/helm-packages.el
  helm-20260108.714/helm-pkg.el
  helm-20260108.714/helm-regexp.el
  helm-20260108.714/helm-ring.el
  helm-20260108.714/helm-semantic.el
  helm-20260108.714/helm-sys.el
  helm-20260108.714/helm-tags.el
  helm-20260108.714/helm-types.el
  helm-20260108.714/helm-utils.el
  helm-20260108.714/helm-x-files.el
  helm-20260108.714/helm-x-icons.el
  helm-20260108.714/helm.el
 ✓ Success:
  2026-02-05T14:27:22+0000  helm-20260108.714.entry
  2026-02-05T14:27:22+0000  helm-20260108.714.tar
Built helm in 4.660s, finished at 2026-02-05T14:27:23+0000
