 • Building package hl-indent-scope (from codeberg:ideasman42/emacs-hl-indent-scope)...
Updating /mnt/store/melpa/working/hl-indent-scope/
Checking out 38c8775dc575ecf6a35fa88946be3dfb5b489018
Copying files (->) and directories (=>)
  from /mnt/store/melpa/working/hl-indent-scope/
  to /tmp/hl-indent-scopeQ0KUjQ/hl-indent-scope-20251231.706
    hl-indent-scope-preset-c++-mode.el -> hl-indent-scope-preset-c++-mode.el
    hl-indent-scope-preset-c-mode.el -> hl-indent-scope-preset-c-mode.el
    hl-indent-scope-preset-cmake-mode.el -> hl-indent-scope-preset-cmake-mode.el
    hl-indent-scope-preset-glsl-mode.el -> hl-indent-scope-preset-glsl-mode.el
    hl-indent-scope-preset-python-mode.el -> hl-indent-scope-preset-python-mode.el
    hl-indent-scope.el -> hl-indent-scope.el
Created hl-indent-scope-20251231.706.tar containing:
  hl-indent-scope-20251231.706/
  hl-indent-scope-20251231.706/hl-indent-scope-pkg.el
  hl-indent-scope-20251231.706/hl-indent-scope-preset-c++-mode.el
  hl-indent-scope-20251231.706/hl-indent-scope-preset-c-mode.el
  hl-indent-scope-20251231.706/hl-indent-scope-preset-cmake-mode.el
  hl-indent-scope-20251231.706/hl-indent-scope-preset-glsl-mode.el
  hl-indent-scope-20251231.706/hl-indent-scope-preset-python-mode.el
  hl-indent-scope-20251231.706/hl-indent-scope.el
 ✓ Success:
  2026-02-05T14:29:37+0000  hl-indent-scope-20251231.706.entry
  2026-02-05T14:29:37+0000  hl-indent-scope-20251231.706.tar
Built hl-indent-scope in 3.512s, finished at 2026-02-05T14:29:38+0000
