 • Building package hl-prog-extra (from codeberg:ideasman42/emacs-hl-prog-extra)...
Updating /mnt/store/melpa/working/hl-prog-extra/
Checking out 1cfce465f59700820932ec71c019d821c6cea126
Copying files (->) and directories (=>)
  from /mnt/store/melpa/working/hl-prog-extra/
  to /tmp/hl-prog-extratmA4zg/hl-prog-extra-20251224.230
    hl-prog-extra-preset-c++-mode.el -> hl-prog-extra-preset-c++-mode.el
    hl-prog-extra-preset-c-mode.el -> hl-prog-extra-preset-c-mode.el
    hl-prog-extra-preset-glsl-mode.el -> hl-prog-extra-preset-glsl-mode.el
    hl-prog-extra-preset-lua-mode.el -> hl-prog-extra-preset-lua-mode.el
    hl-prog-extra-preset-python-mode.el -> hl-prog-extra-preset-python-mode.el
    hl-prog-extra.el -> hl-prog-extra.el
Created hl-prog-extra-20251224.230.tar containing:
  hl-prog-extra-20251224.230/
  hl-prog-extra-20251224.230/hl-prog-extra-pkg.el
  hl-prog-extra-20251224.230/hl-prog-extra-preset-c++-mode.el
  hl-prog-extra-20251224.230/hl-prog-extra-preset-c-mode.el
  hl-prog-extra-20251224.230/hl-prog-extra-preset-glsl-mode.el
  hl-prog-extra-20251224.230/hl-prog-extra-preset-lua-mode.el
  hl-prog-extra-20251224.230/hl-prog-extra-preset-python-mode.el
  hl-prog-extra-20251224.230/hl-prog-extra.el
 ✓ Success:
  2026-02-05T14:29:40+0000  hl-prog-extra-20251224.230.entry
  2026-02-05T14:29:40+0000  hl-prog-extra-20251224.230.tar
Built hl-prog-extra in 3.554s, finished at 2026-02-05T14:29:41+0000
