 • Building package howm (from github:kaorahi/howm)...
Updating /mnt/store/melpa/working/howm/
Checking out 7e49045c23749b61d8c93df68ad9502292fd61bc
Copying files (->) and directories (=>)
  from /mnt/store/melpa/working/howm/
  to /tmp/howmiviSgq/howm-20260101.1342
    action-lock.el -> action-lock.el
    bcomp.el -> bcomp.el
    cheat-font-lock.el -> cheat-font-lock.el
    gfunc.el -> gfunc.el
    honest-report.el -> honest-report.el
    howm-backend.el -> howm-backend.el
    howm-common.el -> howm-common.el
    howm-date.el -> howm-date.el
    howm-lang-en.el -> howm-lang-en.el
    howm-lang-fr.el -> howm-lang-fr.el
    howm-lang-ja.el -> howm-lang-ja.el
    howm-markdown.el -> howm-markdown.el
    howm-menu-en.el -> howm-menu-en.el
    howm-menu-fr.el -> howm-menu-fr.el
    howm-menu-ja.el -> howm-menu-ja.el
    howm-menu.el -> howm-menu.el
    howm-misc.el -> howm-misc.el
    howm-mkmenu.el -> howm-mkmenu.el
    howm-mode.el -> howm-mode.el
    howm-org.el -> howm-org.el
    howm-reminder.el -> howm-reminder.el
    howm-vars.el -> howm-vars.el
    howm-view.el -> howm-view.el
    howm.el -> howm.el
    iigrep.el -> iigrep.el
    illusion.el -> illusion.el
    riffle.el -> riffle.el
Created howm-20260101.1342.tar containing:
  howm-20260101.1342/
  howm-20260101.1342/action-lock.el
  howm-20260101.1342/bcomp.el
  howm-20260101.1342/cheat-font-lock.el
  howm-20260101.1342/gfunc.el
  howm-20260101.1342/honest-report.el
  howm-20260101.1342/howm-backend.el
  howm-20260101.1342/howm-common.el
  howm-20260101.1342/howm-date.el
  howm-20260101.1342/howm-lang-en.el
  howm-20260101.1342/howm-lang-fr.el
  howm-20260101.1342/howm-lang-ja.el
  howm-20260101.1342/howm-markdown.el
  howm-20260101.1342/howm-menu-en.el
  howm-20260101.1342/howm-menu-fr.el
  howm-20260101.1342/howm-menu-ja.el
  howm-20260101.1342/howm-menu.el
  howm-20260101.1342/howm-misc.el
  howm-20260101.1342/howm-mkmenu.el
  howm-20260101.1342/howm-mode.el
  howm-20260101.1342/howm-org.el
  howm-20260101.1342/howm-pkg.el
  howm-20260101.1342/howm-reminder.el
  howm-20260101.1342/howm-vars.el
  howm-20260101.1342/howm-view.el
  howm-20260101.1342/howm.el
  howm-20260101.1342/iigrep.el
  howm-20260101.1342/illusion.el
  howm-20260101.1342/riffle.el
 ✓ Success:
  2026-02-05T14:29:52+0000  howm-20260101.1342.entry
  2026-02-05T14:29:52+0000  howm-20260101.1342.tar
Built howm in 3.806s, finished at 2026-02-05T14:29:53+0000
