 • Building package hyde (from github:nibrahim/Hyde)...
Updating /mnt/store/melpa/working/hyde/
Checking out a8cd6ed00ecd8d7de0ded2f4867015b412b15b76
Copying files (->) and directories (=>)
  from /mnt/store/melpa/working/hyde/
  to /tmp/hydeQ99Ptl/hyde-20160508.308
    hyde-git.el -> hyde-git.el
    hyde-md.el -> hyde-md.el
    hyde.el -> hyde.el
    sample-dot-hyde.el -> sample-dot-hyde.el
Created hyde-20160508.308.tar containing:
  hyde-20160508.308/
  hyde-20160508.308/hyde-git.el
  hyde-20160508.308/hyde-md.el
  hyde-20160508.308/hyde-pkg.el
  hyde-20160508.308/hyde.el
  hyde-20160508.308/sample-dot-hyde.el
 ✓ Success:
  2026-02-05T14:30:08+0000  hyde-20160508.308.entry
  2026-02-05T14:30:08+0000  hyde-20160508.308.tar
Built hyde in 2.856s, finished at 2026-02-05T14:30:09+0000
