 • Building package hyperstitional-themes (from github:precompute/hyperstitional-themes)...
Updating /mnt/store/melpa/working/hyperstitional-themes/
Checking out acbff4befb65fd89fbd04d26630e25643c60229c
Copying files (->) and directories (=>)
  from /mnt/store/melpa/working/hyperstitional-themes/
  to /tmp/hyperstitional-themesnedMpf/hyperstitional-themes-20260130.1752
    hyperstitional-themes-digitalsear-inverted-theme.el -> hyperstitional-themes-digitalsear-inverted-theme.el
    hyperstitional-themes-digitalsear-theme.el -> hyperstitional-themes-digitalsear-theme.el
    hyperstitional-themes-rebug-alternate-flipped-theme.el -> hyperstitional-themes-rebug-alternate-flipped-theme.el
    hyperstitional-themes-rebug-alternate-theme.el -> hyperstitional-themes-rebug-alternate-theme.el
    hyperstitional-themes-rebug-flipped-theme.el -> hyperstitional-themes-rebug-flipped-theme.el
    hyperstitional-themes-rebug-lawn-lush-theme.el -> hyperstitional-themes-rebug-lawn-lush-theme.el
    hyperstitional-themes-rebug-lawn-sere-theme.el -> hyperstitional-themes-rebug-lawn-sere-theme.el
    hyperstitional-themes-rebug-theme.el -> hyperstitional-themes-rebug-theme.el
    hyperstitional-themes.el -> hyperstitional-themes.el
Created hyperstitional-themes-20260130.1752.tar containing:
  hyperstitional-themes-20260130.1752/
  hyperstitional-themes-20260130.1752/hyperstitional-themes-digitalsear-inverted-theme.el
  hyperstitional-themes-20260130.1752/hyperstitional-themes-digitalsear-theme.el
  hyperstitional-themes-20260130.1752/hyperstitional-themes-pkg.el
  hyperstitional-themes-20260130.1752/hyperstitional-themes-rebug-alternate-flipped-theme.el
  hyperstitional-themes-20260130.1752/hyperstitional-themes-rebug-alternate-theme.el
  hyperstitional-themes-20260130.1752/hyperstitional-themes-rebug-flipped-theme.el
  hyperstitional-themes-20260130.1752/hyperstitional-themes-rebug-lawn-lush-theme.el
  hyperstitional-themes-20260130.1752/hyperstitional-themes-rebug-lawn-sere-theme.el
  hyperstitional-themes-20260130.1752/hyperstitional-themes-rebug-theme.el
  hyperstitional-themes-20260130.1752/hyperstitional-themes.el
 ✓ Success:
  2026-02-05T14:30:12+0000  hyperstitional-themes-20260130.1752.entry
  2026-02-05T14:30:12+0000  hyperstitional-themes-20260130.1752.tar
Built hyperstitional-themes in 3.004s, finished at 2026-02-05T14:30:13+0000
