 • Building package imbot (from github:QiangF/imbot)...
Updating /mnt/store/melpa/working/imbot/
Checking out a9f21234f37589f40bfe582d8e0bed82c879a50c
Copying files (->) and directories (=>)
  from /mnt/store/melpa/working/imbot/
  to /tmp/imbotmlQoOX/imbot-20260108.212
    backend-fcitx-dbus.el -> backend-fcitx-dbus.el
    backend-rime-lib.el -> backend-rime-lib.el
    imbot.el -> imbot.el
    test-fcitx5.el -> test-fcitx5.el
Created imbot-20260108.212.tar containing:
  imbot-20260108.212/
  imbot-20260108.212/backend-fcitx-dbus.el
  imbot-20260108.212/backend-rime-lib.el
  imbot-20260108.212/imbot-pkg.el
  imbot-20260108.212/imbot.el
  imbot-20260108.212/test-fcitx5.el
 ✓ Success:
  2026-02-05T14:30:53+0000  imbot-20260108.212.entry
  2026-02-05T14:30:53+0000  imbot-20260108.212.tar
Built imbot in 3.108s, finished at 2026-02-05T14:30:54+0000
