 • Building package ink-mode (from github:Kungsgeten/ink-mode)...
Updating /mnt/store/melpa/working/ink-mode/
Checking out c33c1409b9a4dd8e86611912cab64ee4b01a70fb
Copying files (->) and directories (=>)
  from /mnt/store/melpa/working/ink-mode/
  to /tmp/ink-modepxeg4j/ink-mode-20260131.2326
    ink-mode.el -> ink-mode.el
  ! doc/WritingWithInk.texi -> WritingWithInk.texi
    snippets => snippets
Generating WritingWithInk.info
Created ink-mode-20260131.2326.tar containing:
  ink-mode-20260131.2326/
  ink-mode-20260131.2326/WritingWithInk.info
  ink-mode-20260131.2326/dir
  ink-mode-20260131.2326/ink-mode-pkg.el
  ink-mode-20260131.2326/ink-mode.el
  ink-mode-20260131.2326/snippets/
  ink-mode-20260131.2326/snippets/ink-mode/
  ink-mode-20260131.2326/snippets/ink-mode/choice_once
  ink-mode-20260131.2326/snippets/ink-mode/choice_sticky
  ink-mode-20260131.2326/snippets/ink-mode/condition
  ink-mode-20260131.2326/snippets/ink-mode/condition_multiline
  ink-mode-20260131.2326/snippets/ink-mode/divert
  ink-mode-20260131.2326/snippets/ink-mode/knot
  ink-mode-20260131.2326/snippets/ink-mode/stitch
 ✓ Success:
  2026-02-05T14:31:29+0000  ink-mode-20260131.2326.entry
  2026-02-05T14:31:28+0000  ink-mode-20260131.2326.tar
Built ink-mode in 5.334s, finished at 2026-02-05T14:31:29+0000
