 • Building package jabber (from codeberg:emacs-jabber/emacs-jabber)...
Updating /mnt/store/melpa/working/jabber/
Checking out 2b9dd87f8a182502383c9d4a72a140b1cc3ec8c2
Copying files (->) and directories (=>)
  from /mnt/store/melpa/working/jabber/
  to /tmp/jabberubjnUG/jabber-20260203.211
  ! lisp/jabber-activity.el -> jabber-activity.el
  ! lisp/jabber-ahc-presence.el -> jabber-ahc-presence.el
  ! lisp/jabber-ahc.el -> jabber-ahc.el
  ! lisp/jabber-alert.el -> jabber-alert.el
  ! lisp/jabber-autoaway.el -> jabber-autoaway.el
  ! lisp/jabber-avatar.el -> jabber-avatar.el
  ! lisp/jabber-awesome.el -> jabber-awesome.el
  ! lisp/jabber-bookmarks.el -> jabber-bookmarks.el
  ! lisp/jabber-browse.el -> jabber-browse.el
  ! lisp/jabber-carbons.el -> jabber-carbons.el
  ! lisp/jabber-chat.el -> jabber-chat.el
  ! lisp/jabber-chatbuffer.el -> jabber-chatbuffer.el
  ! lisp/jabber-chatstates.el -> jabber-chatstates.el
  ! lisp/jabber-compose.el -> jabber-compose.el
  ! lisp/jabber-conn.el -> jabber-conn.el
  ! lisp/jabber-console.el -> jabber-console.el
  ! lisp/jabber-core.el -> jabber-core.el
  ! lisp/jabber-disco.el -> jabber-disco.el
  ! lisp/jabber-events.el -> jabber-events.el
  ! lisp/jabber-export.el -> jabber-export.el
  ! lisp/jabber-feature-neg.el -> jabber-feature-neg.el
  ! lisp/jabber-festival.el -> jabber-festival.el
  ! lisp/jabber-history.el -> jabber-history.el
  ! lisp/jabber-httpupload.el -> jabber-httpupload.el
  ! lisp/jabber-iq.el -> jabber-iq.el
  ! lisp/jabber-keepalive.el -> jabber-keepalive.el
  ! lisp/jabber-keymap.el -> jabber-keymap.el
  ! lisp/jabber-libnotify.el -> jabber-libnotify.el
  ! lisp/jabber-logon.el -> jabber-logon.el
  ! lisp/jabber-menu.el -> jabber-menu.el
  ! lisp/jabber-modeline.el -> jabber-modeline.el
  ! lisp/jabber-muc-nick-coloring.el -> jabber-muc-nick-coloring.el
  ! lisp/jabber-muc-nick-completion.el -> jabber-muc-nick-completion.el
  ! lisp/jabber-muc.el -> jabber-muc.el
  ! lisp/jabber-notifications.el -> jabber-notifications.el
  ! lisp/jabber-ping.el -> jabber-ping.el
  ! lisp/jabber-presence.el -> jabber-presence.el
  ! lisp/jabber-private.el -> jabber-private.el
  ! lisp/jabber-ratpoison.el -> jabber-ratpoison.el
  ! lisp/jabber-register.el -> jabber-register.el
  ! lisp/jabber-roster.el -> jabber-roster.el
  ! lisp/jabber-rtt.el -> jabber-rtt.el
  ! lisp/jabber-sasl.el -> jabber-sasl.el
  ! lisp/jabber-sawfish.el -> jabber-sawfish.el
  ! lisp/jabber-screen.el -> jabber-screen.el
  ! lisp/jabber-search.el -> jabber-search.el
  ! lisp/jabber-time.el -> jabber-time.el
  ! lisp/jabber-tmux.el -> jabber-tmux.el
  ! lisp/jabber-truncate.el -> jabber-truncate.el
  ! lisp/jabber-util.el -> jabber-util.el
  ! lisp/jabber-vcard-avatars.el -> jabber-vcard-avatars.el
  ! lisp/jabber-vcard.el -> jabber-vcard.el
  ! lisp/jabber-version.el -> jabber-version.el
  ! lisp/jabber-watch.el -> jabber-watch.el
  ! lisp/jabber-widget.el -> jabber-widget.el
  ! lisp/jabber-wmii.el -> jabber-wmii.el
  ! lisp/jabber-xmessage.el -> jabber-xmessage.el
  ! lisp/jabber-xml.el -> jabber-xml.el
  ! lisp/jabber.el -> jabber.el
    jabber.texi -> jabber.texi
    CHANGELOG.org -> CHANGELOG.org
    DEV.org -> DEV.org
    README.org -> README.org
Generating jabber.info
Created jabber-20260203.211.tar containing:
  jabber-20260203.211/
  jabber-20260203.211/CHANGELOG.org
  jabber-20260203.211/DEV.org
  jabber-20260203.211/README.org
  jabber-20260203.211/dir
  jabber-20260203.211/jabber-activity.el
  jabber-20260203.211/jabber-ahc-presence.el
  jabber-20260203.211/jabber-ahc.el
  jabber-20260203.211/jabber-alert.el
  jabber-20260203.211/jabber-autoaway.el
  jabber-20260203.211/jabber-avatar.el
  jabber-20260203.211/jabber-awesome.el
  jabber-20260203.211/jabber-bookmarks.el
  jabber-20260203.211/jabber-browse.el
  jabber-20260203.211/jabber-carbons.el
  jabber-20260203.211/jabber-chat.el
  jabber-20260203.211/jabber-chatbuffer.el
  jabber-20260203.211/jabber-chatstates.el
  jabber-20260203.211/jabber-compose.el
  jabber-20260203.211/jabber-conn.el
  jabber-20260203.211/jabber-console.el
  jabber-20260203.211/jabber-core.el
  jabber-20260203.211/jabber-disco.el
  jabber-20260203.211/jabber-events.el
  jabber-20260203.211/jabber-export.el
  jabber-20260203.211/jabber-feature-neg.el
  jabber-20260203.211/jabber-festival.el
  jabber-20260203.211/jabber-history.el
  jabber-20260203.211/jabber-httpupload.el
  jabber-20260203.211/jabber-iq.el
  jabber-20260203.211/jabber-keepalive.el
  jabber-20260203.211/jabber-keymap.el
  jabber-20260203.211/jabber-libnotify.el
  jabber-20260203.211/jabber-logon.el
  jabber-20260203.211/jabber-menu.el
  jabber-20260203.211/jabber-modeline.el
  jabber-20260203.211/jabber-muc-nick-coloring.el
  jabber-20260203.211/jabber-muc-nick-completion.el
  jabber-20260203.211/jabber-muc.el
  jabber-20260203.211/jabber-notifications.el
  jabber-20260203.211/jabber-ping.el
  jabber-20260203.211/jabber-pkg.el
  jabber-20260203.211/jabber-presence.el
  jabber-20260203.211/jabber-private.el
  jabber-20260203.211/jabber-ratpoison.el
  jabber-20260203.211/jabber-register.el
  jabber-20260203.211/jabber-roster.el
  jabber-20260203.211/jabber-rtt.el
  jabber-20260203.211/jabber-sasl.el
  jabber-20260203.211/jabber-sawfish.el
  jabber-20260203.211/jabber-screen.el
  jabber-20260203.211/jabber-search.el
  jabber-20260203.211/jabber-time.el
  jabber-20260203.211/jabber-tmux.el
  jabber-20260203.211/jabber-truncate.el
  jabber-20260203.211/jabber-util.el
  jabber-20260203.211/jabber-vcard-avatars.el
  jabber-20260203.211/jabber-vcard.el
  jabber-20260203.211/jabber-version.el
  jabber-20260203.211/jabber-watch.el
  jabber-20260203.211/jabber-widget.el
  jabber-20260203.211/jabber-wmii.el
  jabber-20260203.211/jabber-xmessage.el
  jabber-20260203.211/jabber-xml.el
  jabber-20260203.211/jabber.el
  jabber-20260203.211/jabber.info
 ✓ Success:
  2026-02-05T14:32:44+0000  jabber-20260203.211.entry
  2026-02-05T14:32:44+0000  jabber-20260203.211.tar
Built jabber in 7.259s, finished at 2026-02-05T14:32:45+0000
