Package: jedi-core
Fetcher: github
Source:  https://github.com/tkf/emacs-jedi

Updating /mnt/store/melpa/working/jedi-core/
Checking out ecb53487c6131d39931ab2927e4b77e9cbfb7204
Copying files (->) and directories (=>)
  from /mnt/store/melpa/working/jedi-core/
  to /tmp/jedi-core5Fb3Ls/jedi-core-20210503.1315
    jedi-core.el -> jedi-core.el
    jediepcserver.py -> jediepcserver.py
    Makefile -> Makefile
    setup.py -> setup.py
Created jedi-core-20210503.1315.tar containing:
  jedi-core-20210503.1315/
  jedi-core-20210503.1315/Makefile
  jedi-core-20210503.1315/jedi-core-pkg.el
  jedi-core-20210503.1315/jedi-core.el
  jedi-core-20210503.1315/jediepcserver.py
  jedi-core-20210503.1315/setup.py
 ✓ Success:
  2025-02-24T19:22:53+0000  jedi-core-20210503.1315.entry
  2025-02-24T19:22:53+0000  jedi-core-20210503.1315.tar
Built jedi-core in 3.505s, finished at 2025-02-24T19:22:54+0000
