 • Building package json-par (from github:taku0/json-par)...
Updating /mnt/store/melpa/working/json-par/
Checking out 1c0e363a8d28bf66187d082c97370c2fa11adfcc
Copying files (->) and directories (=>)
  from /mnt/store/melpa/working/json-par/
  to /tmp/json-parsNaBSP/json-par-20260131.913
    json-par-ancestor-overlay.el -> json-par-ancestor-overlay.el
    json-par-clone.el -> json-par-clone.el
    json-par-delete.el -> json-par-delete.el
    json-par-fixup.el -> json-par-fixup.el
    json-par-guess.el -> json-par-guess.el
    json-par-indent.el -> json-par-indent.el
    json-par-insert.el -> json-par-insert.el
    json-par-keymap.el -> json-par-keymap.el
    json-par-lexer.el -> json-par-lexer.el
    json-par-mark-narrow.el -> json-par-mark-narrow.el
    json-par-motion.el -> json-par-motion.el
    json-par-oneline-multiline.el -> json-par-oneline-multiline.el
    json-par-raise.el -> json-par-raise.el
    json-par-split-join.el -> json-par-split-join.el
    json-par-transpose.el -> json-par-transpose.el
    json-par-utils.el -> json-par-utils.el
    json-par.el -> json-par.el
Created json-par-20260131.913.tar containing:
  json-par-20260131.913/
  json-par-20260131.913/json-par-ancestor-overlay.el
  json-par-20260131.913/json-par-clone.el
  json-par-20260131.913/json-par-delete.el
  json-par-20260131.913/json-par-fixup.el
  json-par-20260131.913/json-par-guess.el
  json-par-20260131.913/json-par-indent.el
  json-par-20260131.913/json-par-insert.el
  json-par-20260131.913/json-par-keymap.el
  json-par-20260131.913/json-par-lexer.el
  json-par-20260131.913/json-par-mark-narrow.el
  json-par-20260131.913/json-par-motion.el
  json-par-20260131.913/json-par-oneline-multiline.el
  json-par-20260131.913/json-par-pkg.el
  json-par-20260131.913/json-par-raise.el
  json-par-20260131.913/json-par-split-join.el
  json-par-20260131.913/json-par-transpose.el
  json-par-20260131.913/json-par-utils.el
  json-par-20260131.913/json-par.el
 ✓ Success:
  2026-02-05T14:33:32+0000  json-par-20260131.913.entry
  2026-02-05T14:33:32+0000  json-par-20260131.913.tar
Built json-par in 3.272s, finished at 2026-02-05T14:33:33+0000
