 • Building package julia-snail (from github:gcv/julia-snail)...
Updating /mnt/store/melpa/working/julia-snail/
Checking out 5a7e2d479c5c68b21fdb18c8fc41b9d5e7e487ab
Copying files (->) and directories (=>)
  from /mnt/store/melpa/working/julia-snail/
  to /tmp/julia-snail4X2p6R/julia-snail-20251211.2305
    julia-snail.el -> julia-snail.el
    JuliaSnail.jl -> JuliaSnail.jl
    Project.toml -> Project.toml
    extensions => extensions
Created julia-snail-20251211.2305.tar containing:
  julia-snail-20251211.2305/
  julia-snail-20251211.2305/JuliaSnail.jl
  julia-snail-20251211.2305/Project.toml
  julia-snail-20251211.2305/extensions/
  julia-snail-20251211.2305/extensions/debug/
  julia-snail-20251211.2305/extensions/debug/Debug.jl
  julia-snail-20251211.2305/extensions/debug/Project.toml
  julia-snail-20251211.2305/extensions/debug/debug.el
  julia-snail-20251211.2305/extensions/formatter/
  julia-snail-20251211.2305/extensions/formatter/Formatter.jl
  julia-snail-20251211.2305/extensions/formatter/Project.toml
  julia-snail-20251211.2305/extensions/formatter/formatter.el
  julia-snail-20251211.2305/extensions/ob-julia/
  julia-snail-20251211.2305/extensions/ob-julia/Project.toml
  julia-snail-20251211.2305/extensions/ob-julia/ob-julia.el
  julia-snail-20251211.2305/extensions/ob-julia/src/
  julia-snail-20251211.2305/extensions/ob-julia/src/ObJulia.jl
  julia-snail-20251211.2305/extensions/repl-history/
  julia-snail-20251211.2305/extensions/repl-history/REPLHistory.jl
  julia-snail-20251211.2305/extensions/repl-history/repl-history.el
  julia-snail-20251211.2305/julia-snail-pkg.el
  julia-snail-20251211.2305/julia-snail.el
 ✓ Success:
  2026-02-05T14:33:45+0000  julia-snail-20251211.2305.entry
  2026-02-05T14:33:44+0000  julia-snail-20251211.2305.tar
Built julia-snail in 2.943s, finished at 2026-02-05T14:33:45+0000
