Package: jumblr
Fetcher: github
Source:  https://github.com/mkmcc/jumblr.git

Updating /mnt/store/melpa/working/jumblr/
Checking out 34533dfb9db8538c005f4eaffafeff7ed193729f
Copying files (->) and directories (=>)
  from /mnt/store/melpa/working/jumblr/
  to /tmp/jumblrDojv5D/jumblr-20170727.2043
    jumblr.el -> jumblr.el
    dict => dict
Created jumblr-20170727.2043.tar containing:
  jumblr-20170727.2043/
  jumblr-20170727.2043/dict/
  jumblr-20170727.2043/dict/easy.txt
  jumblr-20170727.2043/dict/expert.txt
  jumblr-20170727.2043/dict/hard.txt
  jumblr-20170727.2043/dict/medium.txt
  jumblr-20170727.2043/jumblr-pkg.el
  jumblr-20170727.2043/jumblr.el
 ✓ Success:
  2024-04-21T22:46:14+0000  jumblr-20170727.2043.entry
  2024-04-21T22:46:14+0000  jumblr-20170727.2043.tar
Built jumblr in 3.641s, finished at 2024-04-21T22:46:16+0000
