 • Building package kanagawa-themes (from github:Fabiokleis/kanagawa-emacs)...
Updating /mnt/store/melpa/working/kanagawa-themes/
Checking out 95516102a673b924c0446ae548c9053773f878ea
Copying files (->) and directories (=>)
  from /mnt/store/melpa/working/kanagawa-themes/
  to /tmp/kanagawa-themesjU54bt/kanagawa-themes-20260102.1542
    kanagawa-dragon-theme.el -> kanagawa-dragon-theme.el
    kanagawa-lotus-theme.el -> kanagawa-lotus-theme.el
    kanagawa-themes.el -> kanagawa-themes.el
    kanagawa-wave-theme.el -> kanagawa-wave-theme.el
Created kanagawa-themes-20260102.1542.tar containing:
  kanagawa-themes-20260102.1542/
  kanagawa-themes-20260102.1542/kanagawa-dragon-theme.el
  kanagawa-themes-20260102.1542/kanagawa-lotus-theme.el
  kanagawa-themes-20260102.1542/kanagawa-themes-pkg.el
  kanagawa-themes-20260102.1542/kanagawa-themes.el
  kanagawa-themes-20260102.1542/kanagawa-wave-theme.el
 ✓ Success:
  2026-02-05T14:34:01+0000  kanagawa-themes-20260102.1542.entry
  2026-02-05T14:34:01+0000  kanagawa-themes-20260102.1542.tar
Built kanagawa-themes in 2.872s, finished at 2026-02-05T14:34:02+0000
