 • Building package kaolin-themes (from github:ogdenwebb/emacs-kaolin-themes)...
Updating /mnt/store/melpa/working/kaolin-themes/
Checking out fc0337582f36167b74cbdc86a48471092c8f3262
Copying files (->) and directories (=>)
  from /mnt/store/melpa/working/kaolin-themes/
  to /tmp/kaolin-themestLq8lM/kaolin-themes-20260114.2021
    kaolin-themes-lib.el -> kaolin-themes-lib.el
    kaolin-themes-treemacs.el -> kaolin-themes-treemacs.el
    kaolin-themes.el -> kaolin-themes.el
  ! themes/kaolin-aurora-theme.el -> kaolin-aurora-theme.el
  ! themes/kaolin-blossom-theme.el -> kaolin-blossom-theme.el
  ! themes/kaolin-breeze-theme.el -> kaolin-breeze-theme.el
  ! themes/kaolin-bubblegum-theme.el -> kaolin-bubblegum-theme.el
  ! themes/kaolin-dark-theme.el -> kaolin-dark-theme.el
  ! themes/kaolin-eclipse-theme.el -> kaolin-eclipse-theme.el
  ! themes/kaolin-galaxy-theme.el -> kaolin-galaxy-theme.el
  ! themes/kaolin-light-theme.el -> kaolin-light-theme.el
  ! themes/kaolin-mono-dark-theme.el -> kaolin-mono-dark-theme.el
  ! themes/kaolin-mono-light-theme.el -> kaolin-mono-light-theme.el
  ! themes/kaolin-ocean-theme.el -> kaolin-ocean-theme.el
  ! themes/kaolin-shiva-theme.el -> kaolin-shiva-theme.el
  ! themes/kaolin-temple-theme.el -> kaolin-temple-theme.el
  ! themes/kaolin-valley-dark-theme.el -> kaolin-valley-dark-theme.el
  ! themes/kaolin-valley-light-theme.el -> kaolin-valley-light-theme.el
Created kaolin-themes-20260114.2021.tar containing:
  kaolin-themes-20260114.2021/
  kaolin-themes-20260114.2021/kaolin-aurora-theme.el
  kaolin-themes-20260114.2021/kaolin-blossom-theme.el
  kaolin-themes-20260114.2021/kaolin-breeze-theme.el
  kaolin-themes-20260114.2021/kaolin-bubblegum-theme.el
  kaolin-themes-20260114.2021/kaolin-dark-theme.el
  kaolin-themes-20260114.2021/kaolin-eclipse-theme.el
  kaolin-themes-20260114.2021/kaolin-galaxy-theme.el
  kaolin-themes-20260114.2021/kaolin-light-theme.el
  kaolin-themes-20260114.2021/kaolin-mono-dark-theme.el
  kaolin-themes-20260114.2021/kaolin-mono-light-theme.el
  kaolin-themes-20260114.2021/kaolin-ocean-theme.el
  kaolin-themes-20260114.2021/kaolin-shiva-theme.el
  kaolin-themes-20260114.2021/kaolin-temple-theme.el
  kaolin-themes-20260114.2021/kaolin-themes-lib.el
  kaolin-themes-20260114.2021/kaolin-themes-pkg.el
  kaolin-themes-20260114.2021/kaolin-themes-treemacs.el
  kaolin-themes-20260114.2021/kaolin-themes.el
  kaolin-themes-20260114.2021/kaolin-valley-dark-theme.el
  kaolin-themes-20260114.2021/kaolin-valley-light-theme.el
 ✓ Success:
  2026-02-05T14:34:04+0000  kaolin-themes-20260114.2021.entry
  2026-02-05T14:34:04+0000  kaolin-themes-20260114.2021.tar
Built kaolin-themes in 3.624s, finished at 2026-02-05T14:34:05+0000
