 • Building package kixtart-mode (from sourcehut:mew/kixtart-mode)...
Updating /mnt/store/melpa/working/kixtart-mode/
Checking out 5f5cb16dc76c22d80f69fb9413aa0d877bf13746
Copying files (->) and directories (=>)
  from /mnt/store/melpa/working/kixtart-mode/
  to /tmp/kixtart-modeLVvUF4/kixtart-mode-20260203.1935
  ! doc/kixtart-mode.texi -> kixtart-mode.texi
    kixtart-docstrings.el -> kixtart-docstrings.el
    kixtart-mode.el -> kixtart-mode.el
Generating kixtart-mode.info
Created kixtart-mode-20260203.1935.tar containing:
  kixtart-mode-20260203.1935/
  kixtart-mode-20260203.1935/dir
  kixtart-mode-20260203.1935/kixtart-docstrings.el
  kixtart-mode-20260203.1935/kixtart-mode-pkg.el
  kixtart-mode-20260203.1935/kixtart-mode.el
  kixtart-mode-20260203.1935/kixtart-mode.info
 ✓ Success:
  2026-02-05T14:34:41+0000  kixtart-mode-20260203.1935.entry
  2026-02-05T14:34:41+0000  kixtart-mode-20260203.1935.tar
Built kixtart-mode in 5.454s, finished at 2026-02-05T14:34:42+0000
