 • Building package lambdapi-mode (from github:Deducteam/lambdapi)...
Updating /mnt/store/melpa/working/lambdapi-mode/
Checking out 4fd4704bf77395de8c6abace30b87e5aabbf8132
Copying files (->) and directories (=>)
  from /mnt/store/melpa/working/lambdapi-mode/
  to /tmp/lambdapi-modeJ9Bela/lambdapi-mode-20260203.1712
  ! editors/emacs/lambdapi-abbrev.el -> lambdapi-abbrev.el
  ! editors/emacs/lambdapi-capf.el -> lambdapi-capf.el
  ! editors/emacs/lambdapi-input.el -> lambdapi-input.el
  ! editors/emacs/lambdapi-layout.el -> lambdapi-layout.el
  ! editors/emacs/lambdapi-mode.el -> lambdapi-mode.el
  ! editors/emacs/lambdapi-proofs.el -> lambdapi-proofs.el
  ! editors/emacs/lambdapi-smie.el -> lambdapi-smie.el
  ! editors/emacs/lambdapi-vars.el -> lambdapi-vars.el
Created lambdapi-mode-20260203.1712.tar containing:
  lambdapi-mode-20260203.1712/
  lambdapi-mode-20260203.1712/lambdapi-abbrev.el
  lambdapi-mode-20260203.1712/lambdapi-capf.el
  lambdapi-mode-20260203.1712/lambdapi-input.el
  lambdapi-mode-20260203.1712/lambdapi-layout.el
  lambdapi-mode-20260203.1712/lambdapi-mode-pkg.el
  lambdapi-mode-20260203.1712/lambdapi-mode.el
  lambdapi-mode-20260203.1712/lambdapi-proofs.el
  lambdapi-mode-20260203.1712/lambdapi-smie.el
  lambdapi-mode-20260203.1712/lambdapi-vars.el
 ✓ Success:
  2026-02-05T14:35:05+0000  lambdapi-mode-20260203.1712.entry
  2026-02-05T14:35:05+0000  lambdapi-mode-20260203.1712.tar
Built lambdapi-mode in 3.697s, finished at 2026-02-05T14:35:06+0000
