 • Building package lichess (from github:tmythicator/lichess.el)...
Updating /mnt/store/melpa/working/lichess/
Checking out 1dd8a25ede7144c5d6be1f45f4ae3d07903783cd
Copying files (->) and directories (=>)
  from /mnt/store/melpa/working/lichess/
  to /tmp/lichess8znHG7/lichess-20260203.1027
    .dev.el -> .dev.el
    .secrets.example.el -> .secrets.example.el
    lichess-ai.el -> lichess-ai.el
    lichess-announce.el -> lichess-announce.el
    lichess-api.el -> lichess-api.el
    lichess-board-gui.el -> lichess-board-gui.el
    lichess-board-tui.el -> lichess-board-tui.el
    lichess-board.el -> lichess-board.el
    lichess-broadcast-list.el -> lichess-broadcast-list.el
    lichess-broadcast-view.el -> lichess-broadcast-view.el
    lichess-challenge-list.el -> lichess-challenge-list.el
    lichess-challenge.el -> lichess-challenge.el
    lichess-core.el -> lichess-core.el
    lichess-fen.el -> lichess-fen.el
    lichess-game.el -> lichess-game.el
    lichess-http.el -> lichess-http.el
    lichess-tv.el -> lichess-tv.el
    lichess-util.el -> lichess-util.el
    lichess.el -> lichess.el
    assets => assets
Created lichess-20260203.1027.tar containing:
  lichess-20260203.1027/
  lichess-20260203.1027/.dev.el
  lichess-20260203.1027/.secrets.example.el
  lichess-20260203.1027/assets/
  lichess-20260203.1027/assets/pieces/
  lichess-20260203.1027/assets/pieces/cburnett/
  lichess-20260203.1027/assets/pieces/cburnett/bB.svg
  lichess-20260203.1027/assets/pieces/cburnett/bK.svg
  lichess-20260203.1027/assets/pieces/cburnett/bN.svg
  lichess-20260203.1027/assets/pieces/cburnett/bP.svg
  lichess-20260203.1027/assets/pieces/cburnett/bQ.svg
  lichess-20260203.1027/assets/pieces/cburnett/bR.svg
  lichess-20260203.1027/assets/pieces/cburnett/wB.svg
  lichess-20260203.1027/assets/pieces/cburnett/wK.svg
  lichess-20260203.1027/assets/pieces/cburnett/wN.svg
  lichess-20260203.1027/assets/pieces/cburnett/wP.svg
  lichess-20260203.1027/assets/pieces/cburnett/wQ.svg
  lichess-20260203.1027/assets/pieces/cburnett/wR.svg
  lichess-20260203.1027/lichess-ai.el
  lichess-20260203.1027/lichess-announce.el
  lichess-20260203.1027/lichess-api.el
  lichess-20260203.1027/lichess-board-gui.el
  lichess-20260203.1027/lichess-board-tui.el
  lichess-20260203.1027/lichess-board.el
  lichess-20260203.1027/lichess-broadcast-list.el
  lichess-20260203.1027/lichess-broadcast-view.el
  lichess-20260203.1027/lichess-challenge-list.el
  lichess-20260203.1027/lichess-challenge.el
  lichess-20260203.1027/lichess-core.el
  lichess-20260203.1027/lichess-fen.el
  lichess-20260203.1027/lichess-game.el
  lichess-20260203.1027/lichess-http.el
  lichess-20260203.1027/lichess-pkg.el
  lichess-20260203.1027/lichess-tv.el
  lichess-20260203.1027/lichess-util.el
  lichess-20260203.1027/lichess.el
 ✓ Success:
  2026-02-05T14:35:53+0000  lichess-20260203.1027.entry
  2026-02-05T14:35:53+0000  lichess-20260203.1027.tar
Built lichess in 4.034s, finished at 2026-02-05T14:35:54+0000
