Package: loco
Fetcher: github
Source:  https://github.com/csmclaren/loco

Updating /mnt/store/melpa/working/loco/
Checking out fc590068204ae27eef0addfe89071bff2cfe117c
Copying files (->) and directories (=>)
  from /mnt/store/melpa/working/loco/
  to /tmp/locofIW9Nh/loco-20240718.125
    loco.el -> loco.el
    loco.info -> loco.info
Created loco-20240718.125.tar containing:
  loco-20240718.125/
  loco-20240718.125/dir
  loco-20240718.125/loco-pkg.el
  loco-20240718.125/loco.el
  loco-20240718.125/loco.info
 ✓ Success:
  2025-02-24T19:27:24+0000  loco-20240718.125.entry
  2025-02-24T19:27:24+0000  loco-20240718.125.tar
Built loco in 5.522s, finished at 2025-02-24T19:27:26+0000
