Package: lsp-scheme
Fetcher: codeberg
Source:  https://codeberg.org/rgherdt/emacs-lsp-scheme

Updating /mnt/store/melpa/working/lsp-scheme/
Checking out 99251252005650d6f39cead8b2b9698c83251f01
Copying files (->) and directories (=>)
  from /mnt/store/melpa/working/lsp-scheme/
  to /tmp/lsp-scheme60U2OG/lsp-scheme-20230606.1722
    lsp-scheme.el -> lsp-scheme.el
    scripts => scripts
Created lsp-scheme-20230606.1722.tar containing:
  lsp-scheme-20230606.1722/
  lsp-scheme-20230606.1722/lsp-scheme-pkg.el
  lsp-scheme-20230606.1722/lsp-scheme.el
  lsp-scheme-20230606.1722/scripts/
  lsp-scheme-20230606.1722/scripts/install-gambit-lsp-server.sh
  lsp-scheme-20230606.1722/scripts/lsp-server-connect.sh
 ✓ Success:
  2025-02-24T19:28:23+0000  lsp-scheme-20230606.1722.entry
  2025-02-24T19:28:23+0000  lsp-scheme-20230606.1722.tar
Built lsp-scheme in 4.136s, finished at 2025-02-24T19:28:24+0000
