Package: nntwitter
Fetcher: github
Source:  https://github.com/dickmao/nntwitter

Updating /mnt/store/melpa/working/nntwitter/
Checking out e27acca9beeb6645dd13545d42f6d4d97d59d82c
Copying files (->) and directories (=>)
  from /mnt/store/melpa/working/nntwitter/
  to /tmp/nntwitterNS81VN/nntwitter-20230705.1110
  ! lisp/nntwitter-api.el -> nntwitter-api.el
  ! lisp/nntwitter-pkg.el -> nntwitter-pkg.el
  ! lisp/nntwitter.el -> nntwitter.el
Created nntwitter-20230705.1110.tar containing:
  nntwitter-20230705.1110/
  nntwitter-20230705.1110/nntwitter-api.el
  nntwitter-20230705.1110/nntwitter-pkg.el
  nntwitter-20230705.1110/nntwitter.el
 ✓ Success:
  2025-02-24T19:34:20+0000  nntwitter-20230705.1110.entry
  2025-02-24T19:34:20+0000  nntwitter-20230705.1110.tar
Built nntwitter in 3.537s, finished at 2025-02-24T19:34:21+0000
