Package: octopress
Fetcher: github
Source:  https://github.com/aaronbieber/octopress.el

Updating /mnt/store/melpa/working/octopress/
Checking out f2c92d5420f14fc9167c7de1873836510e652de2
Copying files (->) and directories (=>)
  from /mnt/store/melpa/working/octopress/
  to /tmp/octopress68WjtR/octopress-20190123.107
    octopress.el -> octopress.el
    octopress.texi -> octopress.texi
Generating octopress.info
Created octopress-20190123.107.tar containing:
  octopress-20190123.107/
  octopress-20190123.107/dir
  octopress-20190123.107/octopress-pkg.el
  octopress-20190123.107/octopress.el
  octopress-20190123.107/octopress.info
 ✓ Success:
  2025-02-24T19:36:19+0000  octopress-20190123.107.entry
  2025-02-24T19:36:19+0000  octopress-20190123.107.tar
Built octopress in 4.776s, finished at 2025-02-24T19:36:21+0000
