Package: org-caldav
Fetcher: github
Source:  https://github.com/dengste/org-caldav

Updating /mnt/store/melpa/working/org-caldav/
Checking out 44a6d463cee3c3be8acf7511db785ab55519b375
Copying files (->) and directories (=>)
  from /mnt/store/melpa/working/org-caldav/
  to /tmp/org-caldavudlH1E/org-caldav-20250212.334
    org-caldav.el -> org-caldav.el
  ! doc/org-caldav.texi -> org-caldav.texi
Generating org-caldav.info
Created org-caldav-20250212.334.tar containing:
  org-caldav-20250212.334/
  org-caldav-20250212.334/dir
  org-caldav-20250212.334/org-caldav-pkg.el
  org-caldav-20250212.334/org-caldav.el
  org-caldav-20250212.334/org-caldav.info
 ✓ Success:
  2025-02-24T19:37:16+0000  org-caldav-20250212.334.entry
  2025-02-24T19:37:16+0000  org-caldav-20250212.334.tar
Built org-caldav in 5.079s, finished at 2025-02-24T19:37:17+0000
